2020-08-11 14:21:28,723 [Worker-5: Loading available Gradle versions] INFO  o.e.b.c.i.u.g.PublishedGradleVersions - Gradle version information cache is up-to-date. Trying to read.
2020-08-11 14:22:30,565 [Worker-4: Import Getting Started Content] INFO  o.e.m.c.i.l.LifecycleMappingFactory - Using org.eclipse.m2e.jdt.JarLifecycleMapping lifecycle mapping for MavenProject: com.example.backend:Backend:1 @ D:\Spring-Backend-Usuarios\demo\pom.xml.
2020-08-11 14:22:31,527 [Worker-4: Import Getting Started Content] INFO  o.e.m.j.i.AbstractJavaProjectConfigurator - Adding source folder /demo/src/main/java
2020-08-11 14:22:31,528 [Worker-4: Import Getting Started Content] INFO  o.e.m.j.i.AbstractJavaProjectConfigurator - Adding resource folder /demo/src/main/resources
2020-08-11 14:22:31,533 [Worker-4: Import Getting Started Content] INFO  o.e.m.j.i.AbstractJavaProjectConfigurator - Adding resource folder /demo/src/main/resources
2020-08-11 14:22:31,540 [Worker-4: Import Getting Started Content] INFO  o.e.m.j.i.AbstractJavaProjectConfigurator - Adding source folder /demo/src/test/java
2020-08-11 14:22:31,892 [Worker-4: Import Getting Started Content] INFO  o.e.m.c.i.p.ProjectConfigurationManager - Imported and configured 1 project(s) in 2 sec
2020-08-11 14:22:31,894 [Worker-4: Import Getting Started Content] INFO  o.e.m.c.i.p.ProjectConfigurationManager - Update started
2020-08-11 14:22:32,273 [Worker-4: Import Getting Started Content] INFO  o.e.m.c.i.l.LifecycleMappingFactory - Using org.eclipse.m2e.jdt.JarLifecycleMapping lifecycle mapping for MavenProject: com.example.backend:Backend:1 @ D:\Spring-Backend-Usuarios\demo\pom.xml.
2020-08-11 14:22:32,785 [Worker-4: Import Getting Started Content] INFO  o.e.m.j.i.AbstractJavaProjectConfigurator - Adding source folder /demo/src/main/java
2020-08-11 14:22:32,785 [Worker-4: Import Getting Started Content] INFO  o.e.m.j.i.AbstractJavaProjectConfigurator - Adding resource folder /demo/src/main/resources
2020-08-11 14:22:32,786 [Worker-4: Import Getting Started Content] INFO  o.e.m.j.i.AbstractJavaProjectConfigurator - Adding resource folder /demo/src/main/resources
2020-08-11 14:22:32,787 [Worker-4: Import Getting Started Content] INFO  o.e.m.j.i.AbstractJavaProjectConfigurator - Adding source folder /demo/src/test/java
2020-08-11 14:22:33,461 [Worker-4: Import Getting Started Content] INFO  o.e.m.c.i.p.ProjectConfigurationManager - Update completed: 1 sec
2020-08-11 14:22:34,070 [Worker-5: Building] INFO  o.e.m.c.i.embedder.EclipseLogger - Using 'UTF-8' encoding to copy filtered resources.
2020-08-11 14:22:34,072 [Worker-5: Building] INFO  o.e.m.c.i.embedder.EclipseLogger - Copying 1 resource
2020-08-11 14:22:34,078 [Worker-5: Building] INFO  o.e.m.c.i.embedder.EclipseLogger - Copying 0 resource
2020-08-11 14:22:34,080 [Worker-5: Building] INFO  o.e.m.c.i.embedder.EclipseLogger - Using 'UTF-8' encoding to copy filtered resources.
2020-08-11 14:22:34,080 [Worker-5: Building] INFO  o.e.m.c.i.embedder.EclipseLogger - skip non existing resourceDirectory D:\Spring-Backend-Usuarios\demo\src\test\resources
2020-08-11 14:26:39,730 [Worker-1: Building] INFO  o.e.m.c.i.embedder.EclipseLogger - Using 'UTF-8' encoding to copy filtered resources.
2020-08-11 14:26:39,732 [Worker-1: Building] INFO  o.e.m.c.i.embedder.EclipseLogger - Copying 1 resource
2020-08-11 14:26:39,733 [Worker-1: Building] INFO  o.e.m.c.i.embedder.EclipseLogger - Copying 0 resource
2020-08-11 14:26:39,734 [Worker-1: Building] INFO  o.e.m.c.i.embedder.EclipseLogger - Using 'UTF-8' encoding to copy filtered resources.
2020-08-11 14:26:39,734 [Worker-1: Building] INFO  o.e.m.c.i.embedder.EclipseLogger - skip non existing resourceDirectory D:\Spring-Backend-Usuarios\demo\src\test\resources
2020-08-11 14:27:03,145 [Worker-1: Building] INFO  o.e.m.c.i.embedder.EclipseLogger - Using 'UTF-8' encoding to copy filtered resources.
2020-08-11 14:27:03,146 [Worker-1: Building] INFO  o.e.m.c.i.embedder.EclipseLogger - Copying 1 resource
2020-08-11 14:27:03,148 [Worker-1: Building] INFO  o.e.m.c.i.embedder.EclipseLogger - Copying 0 resource
2020-08-11 14:27:03,149 [Worker-1: Building] INFO  o.e.m.c.i.embedder.EclipseLogger - Using 'UTF-8' encoding to copy filtered resources.
2020-08-11 14:27:03,149 [Worker-1: Building] INFO  o.e.m.c.i.embedder.EclipseLogger - skip non existing resourceDirectory D:\Spring-Backend-Usuarios\demo\src\test\resources
2020-08-11 14:27:04,209 [Worker-1: Building] INFO  o.e.m.c.i.embedder.EclipseLogger - Using 'UTF-8' encoding to copy filtered resources.
2020-08-11 14:27:04,209 [Worker-1: Building] INFO  o.e.m.c.i.embedder.EclipseLogger - Copying 0 resource
2020-08-11 14:27:04,209 [Worker-1: Building] INFO  o.e.m.c.i.embedder.EclipseLogger - Copying 0 resource
2020-08-11 14:27:04,210 [Worker-1: Building] INFO  o.e.m.c.i.embedder.EclipseLogger - Using 'UTF-8' encoding to copy filtered resources.
2020-08-11 14:27:04,210 [Worker-1: Building] INFO  o.e.m.c.i.embedder.EclipseLogger - skip non existing resourceDirectory D:\Spring-Backend-Usuarios\demo\src\test\resources
2020-08-11 14:28:14,756 [Worker-10: Building] INFO  o.e.m.c.i.embedder.EclipseLogger - Using 'UTF-8' encoding to copy filtered resources.
2020-08-11 14:28:14,757 [Worker-10: Building] INFO  o.e.m.c.i.embedder.EclipseLogger - Copying 1 resource
2020-08-11 14:28:14,759 [Worker-10: Building] INFO  o.e.m.c.i.embedder.EclipseLogger - Copying 0 resource
2020-08-11 14:28:14,760 [Worker-10: Building] INFO  o.e.m.c.i.embedder.EclipseLogger - Using 'UTF-8' encoding to copy filtered resources.
2020-08-11 14:28:14,760 [Worker-10: Building] INFO  o.e.m.c.i.embedder.EclipseLogger - skip non existing resourceDirectory D:\Spring-Backend-Usuarios\demo\src\test\resources
2020-08-11 14:28:22,326 [Worker-10: Building] INFO  o.e.m.c.i.embedder.EclipseLogger - Using 'UTF-8' encoding to copy filtered resources.
2020-08-11 14:28:22,326 [Worker-10: Building] INFO  o.e.m.c.i.embedder.EclipseLogger - Copying 1 resource
2020-08-11 14:28:22,328 [Worker-10: Building] INFO  o.e.m.c.i.embedder.EclipseLogger - Copying 0 resource
2020-08-11 14:28:22,329 [Worker-10: Building] INFO  o.e.m.c.i.embedder.EclipseLogger - Using 'UTF-8' encoding to copy filtered resources.
2020-08-11 14:28:22,329 [Worker-10: Building] INFO  o.e.m.c.i.embedder.EclipseLogger - skip non existing resourceDirectory D:\Spring-Backend-Usuarios\demo\src\test\resources
2020-08-11 14:31:13,102 [Worker-0: Building] INFO  o.e.m.c.i.embedder.EclipseLogger - Using 'UTF-8' encoding to copy filtered resources.
2020-08-11 14:31:13,102 [Worker-0: Building] INFO  o.e.m.c.i.embedder.EclipseLogger - Copying 1 resource
2020-08-11 14:31:13,104 [Worker-0: Building] INFO  o.e.m.c.i.embedder.EclipseLogger - Copying 0 resource
2020-08-11 14:31:13,105 [Worker-0: Building] INFO  o.e.m.c.i.embedder.EclipseLogger - Using 'UTF-8' encoding to copy filtered resources.
2020-08-11 14:31:13,105 [Worker-0: Building] INFO  o.e.m.c.i.embedder.EclipseLogger - skip non existing resourceDirectory D:\Spring-Backend-Usuarios\demo\src\test\resources
2020-08-11 14:31:46,415 [Worker-20: Building] INFO  o.e.m.c.i.embedder.EclipseLogger - Using 'UTF-8' encoding to copy filtered resources.
2020-08-11 14:31:46,416 [Worker-20: Building] INFO  o.e.m.c.i.embedder.EclipseLogger - Copying 1 resource
2020-08-11 14:31:46,417 [Worker-20: Building] INFO  o.e.m.c.i.embedder.EclipseLogger - Copying 0 resource
2020-08-11 14:31:46,420 [Worker-20: Building] INFO  o.e.m.c.i.embedder.EclipseLogger - Using 'UTF-8' encoding to copy filtered resources.
2020-08-11 14:31:46,420 [Worker-20: Building] INFO  o.e.m.c.i.embedder.EclipseLogger - skip non existing resourceDirectory D:\Spring-Backend-Usuarios\demo\src\test\resources
2020-08-11 14:32:04,544 [Worker-21: Building] INFO  o.e.m.c.i.embedder.EclipseLogger - Using 'UTF-8' encoding to copy filtered resources.
2020-08-11 14:32:04,545 [Worker-21: Building] INFO  o.e.m.c.i.embedder.EclipseLogger - Copying 1 resource
2020-08-11 14:32:04,546 [Worker-21: Building] INFO  o.e.m.c.i.embedder.EclipseLogger - Copying 0 resource
2020-08-11 14:32:04,547 [Worker-21: Building] INFO  o.e.m.c.i.embedder.EclipseLogger - Using 'UTF-8' encoding to copy filtered resources.
2020-08-11 14:32:04,547 [Worker-21: Building] INFO  o.e.m.c.i.embedder.EclipseLogger - skip non existing resourceDirectory D:\Spring-Backend-Usuarios\demo\src\test\resources
2020-08-11 14:32:40,656 [Worker-22: Building] INFO  o.e.m.c.i.embedder.EclipseLogger - Using 'UTF-8' encoding to copy filtered resources.
2020-08-11 14:32:40,656 [Worker-22: Building] INFO  o.e.m.c.i.embedder.EclipseLogger - Copying 1 resource
2020-08-11 14:32:40,658 [Worker-22: Building] INFO  o.e.m.c.i.embedder.EclipseLogger - Copying 0 resource
2020-08-11 14:32:40,658 [Worker-22: Building] INFO  o.e.m.c.i.embedder.EclipseLogger - Using 'UTF-8' encoding to copy filtered resources.
2020-08-11 14:32:40,659 [Worker-22: Building] INFO  o.e.m.c.i.embedder.EclipseLogger - skip non existing resourceDirectory D:\Spring-Backend-Usuarios\demo\src\test\resources
2020-08-11 14:32:56,071 [Worker-21: Building] INFO  o.e.m.c.i.embedder.EclipseLogger - Using 'UTF-8' encoding to copy filtered resources.
2020-08-11 14:32:56,072 [Worker-21: Building] INFO  o.e.m.c.i.embedder.EclipseLogger - Copying 1 resource
2020-08-11 14:32:56,073 [Worker-21: Building] INFO  o.e.m.c.i.embedder.EclipseLogger - Copying 0 resource
2020-08-11 14:32:56,074 [Worker-21: Building] INFO  o.e.m.c.i.embedder.EclipseLogger - Using 'UTF-8' encoding to copy filtered resources.
2020-08-11 14:32:56,074 [Worker-21: Building] INFO  o.e.m.c.i.embedder.EclipseLogger - skip non existing resourceDirectory D:\Spring-Backend-Usuarios\demo\src\test\resources
2020-08-11 14:33:11,182 [Worker-20: Building] INFO  o.e.m.c.i.embedder.EclipseLogger - Using 'UTF-8' encoding to copy filtered resources.
2020-08-11 14:33:11,183 [Worker-20: Building] INFO  o.e.m.c.i.embedder.EclipseLogger - Copying 1 resource
2020-08-11 14:33:11,184 [Worker-20: Building] INFO  o.e.m.c.i.embedder.EclipseLogger - Copying 0 resource
2020-08-11 14:33:11,185 [Worker-20: Building] INFO  o.e.m.c.i.embedder.EclipseLogger - Using 'UTF-8' encoding to copy filtered resources.
2020-08-11 14:33:11,185 [Worker-20: Building] INFO  o.e.m.c.i.embedder.EclipseLogger - skip non existing resourceDirectory D:\Spring-Backend-Usuarios\demo\src\test\resources
2020-08-11 14:33:30,074 [Worker-16: Building] INFO  o.e.m.c.i.embedder.EclipseLogger - Using 'UTF-8' encoding to copy filtered resources.
2020-08-11 14:33:30,074 [Worker-16: Building] INFO  o.e.m.c.i.embedder.EclipseLogger - Copying 1 resource
2020-08-11 14:33:30,075 [Worker-16: Building] INFO  o.e.m.c.i.embedder.EclipseLogger - Copying 0 resource
2020-08-11 14:33:30,076 [Worker-16: Building] INFO  o.e.m.c.i.embedder.EclipseLogger - Using 'UTF-8' encoding to copy filtered resources.
2020-08-11 14:33:30,076 [Worker-16: Building] INFO  o.e.m.c.i.embedder.EclipseLogger - skip non existing resourceDirectory D:\Spring-Backend-Usuarios\demo\src\test\resources
2020-08-11 14:34:34,738 [Worker-22: Building] INFO  o.e.m.c.i.embedder.EclipseLogger - Using 'UTF-8' encoding to copy filtered resources.
2020-08-11 14:34:34,739 [Worker-22: Building] INFO  o.e.m.c.i.embedder.EclipseLogger - Copying 1 resource
2020-08-11 14:34:34,740 [Worker-22: Building] INFO  o.e.m.c.i.embedder.EclipseLogger - Copying 0 resource
2020-08-11 14:34:34,741 [Worker-22: Building] INFO  o.e.m.c.i.embedder.EclipseLogger - Using 'UTF-8' encoding to copy filtered resources.
2020-08-11 14:34:34,741 [Worker-22: Building] INFO  o.e.m.c.i.embedder.EclipseLogger - skip non existing resourceDirectory D:\Spring-Backend-Usuarios\demo\src\test\resources
2020-08-11 14:35:30,104 [Worker-17: Building] INFO  o.e.m.c.i.embedder.EclipseLogger - Using 'UTF-8' encoding to copy filtered resources.
2020-08-11 14:35:30,104 [Worker-17: Building] INFO  o.e.m.c.i.embedder.EclipseLogger - Copying 1 resource
2020-08-11 14:35:30,106 [Worker-17: Building] INFO  o.e.m.c.i.embedder.EclipseLogger - Copying 0 resource
2020-08-11 14:35:30,107 [Worker-17: Building] INFO  o.e.m.c.i.embedder.EclipseLogger - Using 'UTF-8' encoding to copy filtered resources.
2020-08-11 14:35:30,107 [Worker-17: Building] INFO  o.e.m.c.i.embedder.EclipseLogger - skip non existing resourceDirectory D:\Spring-Backend-Usuarios\demo\src\test\resources
2020-08-11 14:35:35,252 [Worker-22: Building] INFO  o.e.m.c.i.embedder.EclipseLogger - Using 'UTF-8' encoding to copy filtered resources.
2020-08-11 14:35:35,252 [Worker-22: Building] INFO  o.e.m.c.i.embedder.EclipseLogger - Copying 1 resource
2020-08-11 14:35:35,253 [Worker-22: Building] INFO  o.e.m.c.i.embedder.EclipseLogger - Copying 0 resource
2020-08-11 14:35:35,254 [Worker-22: Building] INFO  o.e.m.c.i.embedder.EclipseLogger - Using 'UTF-8' encoding to copy filtered resources.
2020-08-11 14:35:35,255 [Worker-22: Building] INFO  o.e.m.c.i.embedder.EclipseLogger - skip non existing resourceDirectory D:\Spring-Backend-Usuarios\demo\src\test\resources
2020-08-11 14:35:47,669 [Worker-20: Building] INFO  o.e.m.c.i.embedder.EclipseLogger - Using 'UTF-8' encoding to copy filtered resources.
2020-08-11 14:35:47,670 [Worker-20: Building] INFO  o.e.m.c.i.embedder.EclipseLogger - Copying 1 resource
2020-08-11 14:35:47,671 [Worker-20: Building] INFO  o.e.m.c.i.embedder.EclipseLogger - Copying 0 resource
2020-08-11 14:35:47,672 [Worker-20: Building] INFO  o.e.m.c.i.embedder.EclipseLogger - Using 'UTF-8' encoding to copy filtered resources.
2020-08-11 14:35:47,672 [Worker-20: Building] INFO  o.e.m.c.i.embedder.EclipseLogger - skip non existing resourceDirectory D:\Spring-Backend-Usuarios\demo\src\test\resources
2020-08-11 14:35:57,682 [Worker-22: Building] INFO  o.e.m.c.i.embedder.EclipseLogger - Using 'UTF-8' encoding to copy filtered resources.
2020-08-11 14:35:57,683 [Worker-22: Building] INFO  o.e.m.c.i.embedder.EclipseLogger - Copying 1 resource
2020-08-11 14:35:57,684 [Worker-22: Building] INFO  o.e.m.c.i.embedder.EclipseLogger - Copying 0 resource
2020-08-11 14:35:57,685 [Worker-22: Building] INFO  o.e.m.c.i.embedder.EclipseLogger - Using 'UTF-8' encoding to copy filtered resources.
2020-08-11 14:35:57,685 [Worker-22: Building] INFO  o.e.m.c.i.embedder.EclipseLogger - skip non existing resourceDirectory D:\Spring-Backend-Usuarios\demo\src\test\resources
2020-08-11 14:36:11,720 [Worker-22: Building] INFO  o.e.m.c.i.embedder.EclipseLogger - Using 'UTF-8' encoding to copy filtered resources.
2020-08-11 14:36:11,721 [Worker-22: Building] INFO  o.e.m.c.i.embedder.EclipseLogger - Copying 1 resource
2020-08-11 14:36:11,722 [Worker-22: Building] INFO  o.e.m.c.i.embedder.EclipseLogger - Copying 0 resource
2020-08-11 14:36:11,723 [Worker-22: Building] INFO  o.e.m.c.i.embedder.EclipseLogger - Using 'UTF-8' encoding to copy filtered resources.
2020-08-11 14:36:11,723 [Worker-22: Building] INFO  o.e.m.c.i.embedder.EclipseLogger - skip non existing resourceDirectory D:\Spring-Backend-Usuarios\demo\src\test\resources
2020-08-11 14:37:44,347 [Worker-0: Building] INFO  o.e.m.c.i.embedder.EclipseLogger - Using 'UTF-8' encoding to copy filtered resources.
2020-08-11 14:37:44,348 [Worker-0: Building] INFO  o.e.m.c.i.embedder.EclipseLogger - Copying 1 resource
2020-08-11 14:37:44,349 [Worker-0: Building] INFO  o.e.m.c.i.embedder.EclipseLogger - Copying 0 resource
2020-08-11 14:37:44,350 [Worker-0: Building] INFO  o.e.m.c.i.embedder.EclipseLogger - Using 'UTF-8' encoding to copy filtered resources.
2020-08-11 14:37:44,350 [Worker-0: Building] INFO  o.e.m.c.i.embedder.EclipseLogger - skip non existing resourceDirectory D:\Spring-Backend-Usuarios\demo\src\test\resources
2020-08-11 14:38:52,923 [Worker-17: Building] INFO  o.e.m.c.i.embedder.EclipseLogger - Using 'UTF-8' encoding to copy filtered resources.
2020-08-11 14:38:52,923 [Worker-17: Building] INFO  o.e.m.c.i.embedder.EclipseLogger - Copying 1 resource
2020-08-11 14:38:52,925 [Worker-17: Building] INFO  o.e.m.c.i.embedder.EclipseLogger - Copying 0 resource
2020-08-11 14:38:52,926 [Worker-17: Building] INFO  o.e.m.c.i.embedder.EclipseLogger - Using 'UTF-8' encoding to copy filtered resources.
2020-08-11 14:38:52,926 [Worker-17: Building] INFO  o.e.m.c.i.embedder.EclipseLogger - skip non existing resourceDirectory D:\Spring-Backend-Usuarios\demo\src\test\resources
2020-08-11 14:41:08,425 [Worker-20: Building] INFO  o.e.m.c.i.embedder.EclipseLogger - Using 'UTF-8' encoding to copy filtered resources.
2020-08-11 14:41:08,425 [Worker-20: Building] INFO  o.e.m.c.i.embedder.EclipseLogger - Copying 0 resource
2020-08-11 14:41:08,425 [Worker-20: Building] INFO  o.e.m.c.i.embedder.EclipseLogger - Copying 0 resource
2020-08-11 14:41:08,426 [Worker-20: Building] INFO  o.e.m.c.i.embedder.EclipseLogger - Using 'UTF-8' encoding to copy filtered resources.
2020-08-11 14:41:08,426 [Worker-20: Building] INFO  o.e.m.c.i.embedder.EclipseLogger - skip non existing resourceDirectory D:\Spring-Backend-Usuarios\demo\src\test\resources
2020-08-11 14:45:51,104 [Worker-25: Building] INFO  o.e.m.c.i.embedder.EclipseLogger - Using 'UTF-8' encoding to copy filtered resources.
2020-08-11 14:45:51,105 [Worker-25: Building] INFO  o.e.m.c.i.embedder.EclipseLogger - Copying 1 resource
2020-08-11 14:45:51,106 [Worker-25: Building] INFO  o.e.m.c.i.embedder.EclipseLogger - Copying 0 resource
2020-08-11 14:45:51,107 [Worker-25: Building] INFO  o.e.m.c.i.embedder.EclipseLogger - Using 'UTF-8' encoding to copy filtered resources.
2020-08-11 14:45:51,107 [Worker-25: Building] INFO  o.e.m.c.i.embedder.EclipseLogger - skip non existing resourceDirectory D:\Spring-Backend-Usuarios\demo\src\test\resources
2020-08-11 14:46:10,447 [Worker-29: Building] INFO  o.e.m.c.i.embedder.EclipseLogger - Using 'UTF-8' encoding to copy filtered resources.
2020-08-11 14:46:10,448 [Worker-29: Building] INFO  o.e.m.c.i.embedder.EclipseLogger - Copying 1 resource
2020-08-11 14:46:10,450 [Worker-29: Building] INFO  o.e.m.c.i.embedder.EclipseLogger - Copying 0 resource
2020-08-11 14:46:10,450 [Worker-29: Building] INFO  o.e.m.c.i.embedder.EclipseLogger - Using 'UTF-8' encoding to copy filtered resources.
2020-08-11 14:46:10,450 [Worker-29: Building] INFO  o.e.m.c.i.embedder.EclipseLogger - skip non existing resourceDirectory D:\Spring-Backend-Usuarios\demo\src\test\resources
2020-08-11 14:50:02,552 [Worker-25: Building] INFO  o.e.m.c.i.l.LifecycleMappingFactory - Using org.eclipse.m2e.jdt.JarLifecycleMapping lifecycle mapping for MavenProject: com.example.backend:Backend:1 @ D:\Spring-Backend-Usuarios\demo\pom.xml.
2020-08-11 14:50:02,963 [Worker-25: Building] INFO  o.e.m.c.i.embedder.EclipseLogger - Using 'UTF-8' encoding to copy filtered resources.
2020-08-11 14:50:02,964 [Worker-25: Building] INFO  o.e.m.c.i.embedder.EclipseLogger - Copying 1 resource
2020-08-11 14:50:02,970 [Worker-25: Building] INFO  o.e.m.c.i.embedder.EclipseLogger - Copying 0 resource
2020-08-11 14:50:02,971 [Worker-25: Building] INFO  o.e.m.c.i.embedder.EclipseLogger - Using 'UTF-8' encoding to copy filtered resources.
2020-08-11 14:50:02,971 [Worker-25: Building] INFO  o.e.m.c.i.embedder.EclipseLogger - skip non existing resourceDirectory D:\Spring-Backend-Usuarios\demo\src\test\resources
2020-08-11 14:50:04,633 [Worker-32: Building] INFO  o.e.m.c.i.embedder.EclipseLogger - Using 'UTF-8' encoding to copy filtered resources.
2020-08-11 14:50:04,634 [Worker-32: Building] INFO  o.e.m.c.i.embedder.EclipseLogger - Copying 1 resource
2020-08-11 14:50:04,636 [Worker-32: Building] INFO  o.e.m.c.i.embedder.EclipseLogger - Copying 0 resource
2020-08-11 14:50:04,637 [Worker-32: Building] INFO  o.e.m.c.i.embedder.EclipseLogger - Using 'UTF-8' encoding to copy filtered resources.
2020-08-11 14:50:04,637 [Worker-32: Building] INFO  o.e.m.c.i.embedder.EclipseLogger - skip non existing resourceDirectory D:\Spring-Backend-Usuarios\demo\src\test\resources
2020-08-11 14:50:33,446 [Worker-29: Building] INFO  o.e.m.c.i.embedder.EclipseLogger - Using 'UTF-8' encoding to copy filtered resources.
2020-08-11 14:50:33,447 [Worker-29: Building] INFO  o.e.m.c.i.embedder.EclipseLogger - Copying 1 resource
2020-08-11 14:50:33,449 [Worker-29: Building] INFO  o.e.m.c.i.embedder.EclipseLogger - Copying 0 resource
2020-08-11 14:50:33,449 [Worker-29: Building] INFO  o.e.m.c.i.embedder.EclipseLogger - Using 'UTF-8' encoding to copy filtered resources.
2020-08-11 14:50:33,449 [Worker-29: Building] INFO  o.e.m.c.i.embedder.EclipseLogger - skip non existing resourceDirectory D:\Spring-Backend-Usuarios\demo\src\test\resources
2020-08-11 14:53:01,133 [Worker-35: Building] INFO  o.e.m.c.i.embedder.EclipseLogger - Using 'UTF-8' encoding to copy filtered resources.
2020-08-11 14:53:01,133 [Worker-35: Building] INFO  o.e.m.c.i.embedder.EclipseLogger - Copying 1 resource
2020-08-11 14:53:01,135 [Worker-35: Building] INFO  o.e.m.c.i.embedder.EclipseLogger - Copying 0 resource
2020-08-11 14:53:01,135 [Worker-35: Building] INFO  o.e.m.c.i.embedder.EclipseLogger - Using 'UTF-8' encoding to copy filtered resources.
2020-08-11 14:53:01,135 [Worker-35: Building] INFO  o.e.m.c.i.embedder.EclipseLogger - skip non existing resourceDirectory D:\Spring-Backend-Usuarios\demo\src\test\resources
2020-08-11 15:04:35,994 [Worker-32: Building] INFO  o.e.m.c.i.embedder.EclipseLogger - Using 'UTF-8' encoding to copy filtered resources.
2020-08-11 15:04:35,995 [Worker-32: Building] INFO  o.e.m.c.i.embedder.EclipseLogger - Copying 1 resource
2020-08-11 15:04:35,996 [Worker-32: Building] INFO  o.e.m.c.i.embedder.EclipseLogger - Copying 0 resource
2020-08-11 15:04:35,997 [Worker-32: Building] INFO  o.e.m.c.i.embedder.EclipseLogger - Using 'UTF-8' encoding to copy filtered resources.
2020-08-11 15:04:35,997 [Worker-32: Building] INFO  o.e.m.c.i.embedder.EclipseLogger - skip non existing resourceDirectory D:\Spring-Backend-Usuarios\demo\src\test\resources
2020-08-11 15:09:04,840 [Worker-43: Building] INFO  o.e.m.c.i.embedder.EclipseLogger - Using 'UTF-8' encoding to copy filtered resources.
2020-08-11 15:09:04,841 [Worker-43: Building] INFO  o.e.m.c.i.embedder.EclipseLogger - Copying 1 resource
2020-08-11 15:09:04,842 [Worker-43: Building] INFO  o.e.m.c.i.embedder.EclipseLogger - Copying 0 resource
2020-08-11 15:09:04,843 [Worker-43: Building] INFO  o.e.m.c.i.embedder.EclipseLogger - Using 'UTF-8' encoding to copy filtered resources.
2020-08-11 15:09:04,843 [Worker-43: Building] INFO  o.e.m.c.i.embedder.EclipseLogger - skip non existing resourceDirectory D:\Spring-Backend-Usuarios\demo\src\test\resources
2020-08-11 15:09:30,688 [Worker-44: Launching demo - DemoApplication] INFO  o.e.m.c.i.embedder.EclipseLogger - Using 'UTF-8' encoding to copy filtered resources.
2020-08-11 15:09:30,688 [Worker-44: Launching demo - DemoApplication] INFO  o.e.m.c.i.embedder.EclipseLogger - Copying 1 resource
2020-08-11 15:09:30,690 [Worker-44: Launching demo - DemoApplication] INFO  o.e.m.c.i.embedder.EclipseLogger - Copying 0 resource
2020-08-11 15:09:30,691 [Worker-44: Launching demo - DemoApplication] INFO  o.e.m.c.i.embedder.EclipseLogger - Using 'UTF-8' encoding to copy filtered resources.
2020-08-11 15:09:30,691 [Worker-44: Launching demo - DemoApplication] INFO  o.e.m.c.i.embedder.EclipseLogger - skip non existing resourceDirectory D:\Spring-Backend-Usuarios\demo\src\test\resources
2020-08-11 15:11:37,222 [Worker-37: Launching demo - DemoApplication] INFO  o.e.m.c.i.embedder.EclipseLogger - Using 'UTF-8' encoding to copy filtered resources.
2020-08-11 15:11:37,223 [Worker-37: Launching demo - DemoApplication] INFO  o.e.m.c.i.embedder.EclipseLogger - Copying 1 resource
2020-08-11 15:11:37,224 [Worker-37: Launching demo - DemoApplication] INFO  o.e.m.c.i.embedder.EclipseLogger - Copying 0 resource
2020-08-11 15:11:37,225 [Worker-37: Launching demo - DemoApplication] INFO  o.e.m.c.i.embedder.EclipseLogger - Using 'UTF-8' encoding to copy filtered resources.
2020-08-11 15:11:37,225 [Worker-37: Launching demo - DemoApplication] INFO  o.e.m.c.i.embedder.EclipseLogger - skip non existing resourceDirectory D:\Spring-Backend-Usuarios\demo\src\test\resources
2020-08-11 15:12:12,028 [Worker-41: Building] INFO  o.e.m.c.i.embedder.EclipseLogger - Using 'UTF-8' encoding to copy filtered resources.
2020-08-11 15:12:12,029 [Worker-41: Building] INFO  o.e.m.c.i.embedder.EclipseLogger - Copying 1 resource
2020-08-11 15:12:12,031 [Worker-41: Building] INFO  o.e.m.c.i.embedder.EclipseLogger - Copying 0 resource
2020-08-11 15:12:12,031 [Worker-41: Building] INFO  o.e.m.c.i.embedder.EclipseLogger - Using 'UTF-8' encoding to copy filtered resources.
2020-08-11 15:12:12,031 [Worker-41: Building] INFO  o.e.m.c.i.embedder.EclipseLogger - skip non existing resourceDirectory D:\Spring-Backend-Usuarios\demo\src\test\resources
2020-08-11 15:19:36,843 [Worker-49: Building] INFO  o.e.m.c.i.embedder.EclipseLogger - Using 'UTF-8' encoding to copy filtered resources.
2020-08-11 15:19:36,844 [Worker-49: Building] INFO  o.e.m.c.i.embedder.EclipseLogger - Copying 1 resource
2020-08-11 15:19:36,846 [Worker-49: Building] INFO  o.e.m.c.i.embedder.EclipseLogger - Copying 0 resource
2020-08-11 15:19:36,847 [Worker-49: Building] INFO  o.e.m.c.i.embedder.EclipseLogger - Using 'UTF-8' encoding to copy filtered resources.
2020-08-11 15:19:36,847 [Worker-49: Building] INFO  o.e.m.c.i.embedder.EclipseLogger - skip non existing resourceDirectory D:\Spring-Backend-Usuarios\demo\src\test\resources
2020-08-11 15:20:44,066 [Worker-49: Building] INFO  o.e.m.c.i.embedder.EclipseLogger - Using 'UTF-8' encoding to copy filtered resources.
2020-08-11 15:20:44,067 [Worker-49: Building] INFO  o.e.m.c.i.embedder.EclipseLogger - Copying 1 resource
2020-08-11 15:20:44,068 [Worker-49: Building] INFO  o.e.m.c.i.embedder.EclipseLogger - Copying 0 resource
2020-08-11 15:20:44,070 [Worker-49: Building] INFO  o.e.m.c.i.embedder.EclipseLogger - Using 'UTF-8' encoding to copy filtered resources.
2020-08-11 15:20:44,070 [Worker-49: Building] INFO  o.e.m.c.i.embedder.EclipseLogger - skip non existing resourceDirectory D:\Spring-Backend-Usuarios\demo\src\test\resources
2020-08-11 15:23:08,923 [Worker-53: Building] INFO  o.e.m.c.i.embedder.EclipseLogger - Using 'UTF-8' encoding to copy filtered resources.
2020-08-11 15:23:08,923 [Worker-53: Building] INFO  o.e.m.c.i.embedder.EclipseLogger - Copying 1 resource
2020-08-11 15:23:08,925 [Worker-53: Building] INFO  o.e.m.c.i.embedder.EclipseLogger - Copying 0 resource
2020-08-11 15:23:08,926 [Worker-53: Building] INFO  o.e.m.c.i.embedder.EclipseLogger - Using 'UTF-8' encoding to copy filtered resources.
2020-08-11 15:23:08,926 [Worker-53: Building] INFO  o.e.m.c.i.embedder.EclipseLogger - skip non existing resourceDirectory D:\Spring-Backend-Usuarios\demo\src\test\resources
2020-08-11 15:26:42,633 [Worker-57: Building] INFO  o.e.m.c.i.embedder.EclipseLogger - Using 'UTF-8' encoding to copy filtered resources.
2020-08-11 15:26:42,633 [Worker-57: Building] INFO  o.e.m.c.i.embedder.EclipseLogger - Copying 1 resource
2020-08-11 15:26:42,635 [Worker-57: Building] INFO  o.e.m.c.i.embedder.EclipseLogger - Copying 0 resource
2020-08-11 15:26:42,636 [Worker-57: Building] INFO  o.e.m.c.i.embedder.EclipseLogger - Using 'UTF-8' encoding to copy filtered resources.
2020-08-11 15:26:42,636 [Worker-57: Building] INFO  o.e.m.c.i.embedder.EclipseLogger - skip non existing resourceDirectory D:\Spring-Backend-Usuarios\demo\src\test\resources
2020-08-11 16:38:51,110 [Worker-69: Building] INFO  o.e.m.c.i.l.LifecycleMappingFactory - Using org.eclipse.m2e.jdt.JarLifecycleMapping lifecycle mapping for MavenProject: com.example.backend:Backend:1 @ D:\Spring-Backend-Usuarios\demo\pom.xml.
2020-08-11 16:38:51,591 [Worker-69: Building] INFO  o.e.m.c.i.embedder.EclipseLogger - Using 'UTF-8' encoding to copy filtered resources.
2020-08-11 16:38:51,592 [Worker-69: Building] INFO  o.e.m.c.i.embedder.EclipseLogger - Copying 0 resource
2020-08-11 16:38:51,592 [Worker-69: Building] INFO  o.e.m.c.i.embedder.EclipseLogger - Copying 0 resource
2020-08-11 16:38:51,593 [Worker-69: Building] INFO  o.e.m.c.i.embedder.EclipseLogger - Using 'UTF-8' encoding to copy filtered resources.
2020-08-11 16:38:51,593 [Worker-69: Building] INFO  o.e.m.c.i.embedder.EclipseLogger - skip non existing resourceDirectory D:\Spring-Backend-Usuarios\demo\src\test\resources
2020-08-11 16:38:53,229 [Worker-68: Building] INFO  o.e.m.c.i.embedder.EclipseLogger - Using 'UTF-8' encoding to copy filtered resources.
2020-08-11 16:38:53,229 [Worker-68: Building] INFO  o.e.m.c.i.embedder.EclipseLogger - Copying 1 resource
2020-08-11 16:38:53,235 [Worker-68: Building] INFO  o.e.m.c.i.embedder.EclipseLogger - Copying 0 resource
2020-08-11 16:38:53,237 [Worker-68: Building] INFO  o.e.m.c.i.embedder.EclipseLogger - Using 'UTF-8' encoding to copy filtered resources.
2020-08-11 16:38:53,237 [Worker-68: Building] INFO  o.e.m.c.i.embedder.EclipseLogger - skip non existing resourceDirectory D:\Spring-Backend-Usuarios\demo\src\test\resources
2020-08-11 16:42:00,082 [Worker-69: Building] INFO  o.e.m.c.i.embedder.EclipseLogger - Using 'UTF-8' encoding to copy filtered resources.
2020-08-11 16:42:00,083 [Worker-69: Building] INFO  o.e.m.c.i.embedder.EclipseLogger - Copying 1 resource
2020-08-11 16:42:00,085 [Worker-69: Building] INFO  o.e.m.c.i.embedder.EclipseLogger - Copying 0 resource
2020-08-11 16:42:00,085 [Worker-69: Building] INFO  o.e.m.c.i.embedder.EclipseLogger - Using 'UTF-8' encoding to copy filtered resources.
2020-08-11 16:42:00,085 [Worker-69: Building] INFO  o.e.m.c.i.embedder.EclipseLogger - skip non existing resourceDirectory D:\Spring-Backend-Usuarios\demo\src\test\resources
2020-08-11 16:50:02,923 [Worker-79: Building] INFO  o.e.m.c.i.embedder.EclipseLogger - Using 'UTF-8' encoding to copy filtered resources.
2020-08-11 16:50:02,923 [Worker-79: Building] INFO  o.e.m.c.i.embedder.EclipseLogger - Copying 1 resource
2020-08-11 16:50:02,925 [Worker-79: Building] INFO  o.e.m.c.i.embedder.EclipseLogger - Copying 0 resource
2020-08-11 16:50:02,926 [Worker-79: Building] INFO  o.e.m.c.i.embedder.EclipseLogger - Using 'UTF-8' encoding to copy filtered resources.
2020-08-11 16:50:02,926 [Worker-79: Building] INFO  o.e.m.c.i.embedder.EclipseLogger - skip non existing resourceDirectory D:\Spring-Backend-Usuarios\demo\src\test\resources
2020-08-11 16:53:31,019 [Worker-72: Building] INFO  o.e.m.c.i.embedder.EclipseLogger - Using 'UTF-8' encoding to copy filtered resources.
2020-08-11 16:53:31,019 [Worker-72: Building] INFO  o.e.m.c.i.embedder.EclipseLogger - Copying 1 resource
2020-08-11 16:53:31,021 [Worker-72: Building] INFO  o.e.m.c.i.embedder.EclipseLogger - Copying 0 resource
2020-08-11 16:53:31,021 [Worker-72: Building] INFO  o.e.m.c.i.embedder.EclipseLogger - Using 'UTF-8' encoding to copy filtered resources.
2020-08-11 16:53:31,022 [Worker-72: Building] INFO  o.e.m.c.i.embedder.EclipseLogger - skip non existing resourceDirectory D:\Spring-Backend-Usuarios\demo\src\test\resources
2020-08-11 17:01:38,908 [Worker-85: Building] INFO  o.e.m.c.i.embedder.EclipseLogger - Using 'UTF-8' encoding to copy filtered resources.
2020-08-11 17:01:38,909 [Worker-85: Building] INFO  o.e.m.c.i.embedder.EclipseLogger - Copying 1 resource
2020-08-11 17:01:38,911 [Worker-85: Building] INFO  o.e.m.c.i.embedder.EclipseLogger - Copying 0 resource
2020-08-11 17:01:38,912 [Worker-85: Building] INFO  o.e.m.c.i.embedder.EclipseLogger - Using 'UTF-8' encoding to copy filtered resources.
2020-08-11 17:01:38,912 [Worker-85: Building] INFO  o.e.m.c.i.embedder.EclipseLogger - skip non existing resourceDirectory D:\Spring-Backend-Usuarios\demo\src\test\resources
2020-08-11 17:03:54,599 [Worker-80: Building] INFO  o.e.m.c.i.embedder.EclipseLogger - Using 'UTF-8' encoding to copy filtered resources.
2020-08-11 17:03:54,600 [Worker-80: Building] INFO  o.e.m.c.i.embedder.EclipseLogger - Copying 1 resource
2020-08-11 17:03:54,601 [Worker-80: Building] INFO  o.e.m.c.i.embedder.EclipseLogger - Copying 0 resource
2020-08-11 17:03:54,602 [Worker-80: Building] INFO  o.e.m.c.i.embedder.EclipseLogger - Using 'UTF-8' encoding to copy filtered resources.
2020-08-11 17:03:54,602 [Worker-80: Building] INFO  o.e.m.c.i.embedder.EclipseLogger - skip non existing resourceDirectory D:\Spring-Backend-Usuarios\demo\src\test\resources
2020-08-11 17:05:19,629 [Worker-72: Building] INFO  o.e.m.c.i.embedder.EclipseLogger - Using 'UTF-8' encoding to copy filtered resources.
2020-08-11 17:05:19,630 [Worker-72: Building] INFO  o.e.m.c.i.embedder.EclipseLogger - Copying 1 resource
2020-08-11 17:05:19,631 [Worker-72: Building] INFO  o.e.m.c.i.embedder.EclipseLogger - Copying 0 resource
2020-08-11 17:05:19,632 [Worker-72: Building] INFO  o.e.m.c.i.embedder.EclipseLogger - Using 'UTF-8' encoding to copy filtered resources.
2020-08-11 17:05:19,633 [Worker-72: Building] INFO  o.e.m.c.i.embedder.EclipseLogger - skip non existing resourceDirectory D:\Spring-Backend-Usuarios\demo\src\test\resources
2020-08-11 17:05:41,026 [Worker-88: Building] INFO  o.e.m.c.i.embedder.EclipseLogger - Using 'UTF-8' encoding to copy filtered resources.
2020-08-11 17:05:41,027 [Worker-88: Building] INFO  o.e.m.c.i.embedder.EclipseLogger - Copying 1 resource
2020-08-11 17:05:41,028 [Worker-88: Building] INFO  o.e.m.c.i.embedder.EclipseLogger - Copying 0 resource
2020-08-11 17:05:41,029 [Worker-88: Building] INFO  o.e.m.c.i.embedder.EclipseLogger - Using 'UTF-8' encoding to copy filtered resources.
2020-08-11 17:05:41,029 [Worker-88: Building] INFO  o.e.m.c.i.embedder.EclipseLogger - skip non existing resourceDirectory D:\Spring-Backend-Usuarios\demo\src\test\resources
2020-08-11 17:06:06,843 [Worker-83: Launching demo - DemoApplication] INFO  o.e.m.c.i.embedder.EclipseLogger - Using 'UTF-8' encoding to copy filtered resources.
2020-08-11 17:06:06,843 [Worker-83: Launching demo - DemoApplication] INFO  o.e.m.c.i.embedder.EclipseLogger - Copying 1 resource
2020-08-11 17:06:06,845 [Worker-83: Launching demo - DemoApplication] INFO  o.e.m.c.i.embedder.EclipseLogger - Copying 0 resource
2020-08-11 17:06:06,846 [Worker-83: Launching demo - DemoApplication] INFO  o.e.m.c.i.embedder.EclipseLogger - Using 'UTF-8' encoding to copy filtered resources.
2020-08-11 17:06:06,846 [Worker-83: Launching demo - DemoApplication] INFO  o.e.m.c.i.embedder.EclipseLogger - skip non existing resourceDirectory D:\Spring-Backend-Usuarios\demo\src\test\resources
2020-08-11 17:13:09,723 [Worker-92: Building] INFO  o.e.m.c.i.embedder.EclipseLogger - Using 'UTF-8' encoding to copy filtered resources.
2020-08-11 17:13:09,723 [Worker-92: Building] INFO  o.e.m.c.i.embedder.EclipseLogger - Copying 1 resource
2020-08-11 17:13:09,725 [Worker-92: Building] INFO  o.e.m.c.i.embedder.EclipseLogger - Copying 0 resource
2020-08-11 17:13:09,726 [Worker-92: Building] INFO  o.e.m.c.i.embedder.EclipseLogger - Using 'UTF-8' encoding to copy filtered resources.
2020-08-11 17:13:09,726 [Worker-92: Building] INFO  o.e.m.c.i.embedder.EclipseLogger - skip non existing resourceDirectory D:\Spring-Backend-Usuarios\demo\src\test\resources
2020-08-11 17:16:07,686 [Worker-93: Building] INFO  o.e.m.c.i.embedder.EclipseLogger - Using 'UTF-8' encoding to copy filtered resources.
2020-08-11 17:16:07,687 [Worker-93: Building] INFO  o.e.m.c.i.embedder.EclipseLogger - Copying 1 resource
2020-08-11 17:16:07,688 [Worker-93: Building] INFO  o.e.m.c.i.embedder.EclipseLogger - Copying 0 resource
2020-08-11 17:16:07,689 [Worker-93: Building] INFO  o.e.m.c.i.embedder.EclipseLogger - Using 'UTF-8' encoding to copy filtered resources.
2020-08-11 17:16:07,689 [Worker-93: Building] INFO  o.e.m.c.i.embedder.EclipseLogger - skip non existing resourceDirectory D:\Spring-Backend-Usuarios\demo\src\test\resources
2020-08-11 17:17:41,466 [Worker-89: Launching demo - DemoApplication] INFO  o.e.m.c.i.embedder.EclipseLogger - Using 'UTF-8' encoding to copy filtered resources.
2020-08-11 17:17:41,466 [Worker-89: Launching demo - DemoApplication] INFO  o.e.m.c.i.embedder.EclipseLogger - Copying 1 resource
2020-08-11 17:17:41,468 [Worker-89: Launching demo - DemoApplication] INFO  o.e.m.c.i.embedder.EclipseLogger - Copying 0 resource
2020-08-11 17:17:41,468 [Worker-89: Launching demo - DemoApplication] INFO  o.e.m.c.i.embedder.EclipseLogger - Using 'UTF-8' encoding to copy filtered resources.
2020-08-11 17:17:41,469 [Worker-89: Launching demo - DemoApplication] INFO  o.e.m.c.i.embedder.EclipseLogger - skip non existing resourceDirectory D:\Spring-Backend-Usuarios\demo\src\test\resources
2020-08-11 17:19:12,129 [Worker-91: Building] INFO  o.e.m.c.i.embedder.EclipseLogger - Using 'UTF-8' encoding to copy filtered resources.
2020-08-11 17:19:12,130 [Worker-91: Building] INFO  o.e.m.c.i.embedder.EclipseLogger - Copying 1 resource
2020-08-11 17:19:12,131 [Worker-91: Building] INFO  o.e.m.c.i.embedder.EclipseLogger - Copying 0 resource
2020-08-11 17:19:12,132 [Worker-91: Building] INFO  o.e.m.c.i.embedder.EclipseLogger - Using 'UTF-8' encoding to copy filtered resources.
2020-08-11 17:19:12,132 [Worker-91: Building] INFO  o.e.m.c.i.embedder.EclipseLogger - skip non existing resourceDirectory D:\Spring-Backend-Usuarios\demo\src\test\resources
2020-08-11 17:20:50,551 [Worker-97: Building] INFO  o.e.m.c.i.embedder.EclipseLogger - Using 'UTF-8' encoding to copy filtered resources.
2020-08-11 17:20:50,551 [Worker-97: Building] INFO  o.e.m.c.i.embedder.EclipseLogger - Copying 1 resource
2020-08-11 17:20:50,553 [Worker-97: Building] INFO  o.e.m.c.i.embedder.EclipseLogger - Copying 0 resource
2020-08-11 17:20:50,554 [Worker-97: Building] INFO  o.e.m.c.i.embedder.EclipseLogger - Using 'UTF-8' encoding to copy filtered resources.
2020-08-11 17:20:50,554 [Worker-97: Building] INFO  o.e.m.c.i.embedder.EclipseLogger - skip non existing resourceDirectory D:\Spring-Backend-Usuarios\demo\src\test\resources
2020-08-11 17:22:01,673 [Worker-95: Building] INFO  o.e.m.c.i.embedder.EclipseLogger - Using 'UTF-8' encoding to copy filtered resources.
2020-08-11 17:22:01,674 [Worker-95: Building] INFO  o.e.m.c.i.embedder.EclipseLogger - Copying 1 resource
2020-08-11 17:22:01,675 [Worker-95: Building] INFO  o.e.m.c.i.embedder.EclipseLogger - Copying 0 resource
2020-08-11 17:22:01,676 [Worker-95: Building] INFO  o.e.m.c.i.embedder.EclipseLogger - Using 'UTF-8' encoding to copy filtered resources.
2020-08-11 17:22:01,677 [Worker-95: Building] INFO  o.e.m.c.i.embedder.EclipseLogger - skip non existing resourceDirectory D:\Spring-Backend-Usuarios\demo\src\test\resources
2020-08-11 17:22:22,999 [Worker-98: Building] INFO  o.e.m.c.i.embedder.EclipseLogger - Using 'UTF-8' encoding to copy filtered resources.
2020-08-11 17:22:23,000 [Worker-98: Building] INFO  o.e.m.c.i.embedder.EclipseLogger - Copying 1 resource
2020-08-11 17:22:23,001 [Worker-98: Building] INFO  o.e.m.c.i.embedder.EclipseLogger - Copying 0 resource
2020-08-11 17:22:23,002 [Worker-98: Building] INFO  o.e.m.c.i.embedder.EclipseLogger - Using 'UTF-8' encoding to copy filtered resources.
2020-08-11 17:22:23,002 [Worker-98: Building] INFO  o.e.m.c.i.embedder.EclipseLogger - skip non existing resourceDirectory D:\Spring-Backend-Usuarios\demo\src\test\resources
2020-08-11 17:27:28,572 [Worker-89: Building] INFO  o.e.m.c.i.embedder.EclipseLogger - Using 'UTF-8' encoding to copy filtered resources.
2020-08-11 17:27:28,573 [Worker-89: Building] INFO  o.e.m.c.i.embedder.EclipseLogger - Copying 1 resource
2020-08-11 17:27:28,575 [Worker-89: Building] INFO  o.e.m.c.i.embedder.EclipseLogger - Copying 0 resource
2020-08-11 17:27:28,575 [Worker-89: Building] INFO  o.e.m.c.i.embedder.EclipseLogger - Using 'UTF-8' encoding to copy filtered resources.
2020-08-11 17:27:28,575 [Worker-89: Building] INFO  o.e.m.c.i.embedder.EclipseLogger - skip non existing resourceDirectory D:\Spring-Backend-Usuarios\demo\src\test\resources
2020-08-11 17:28:05,993 [Worker-102: Building] INFO  o.e.m.c.i.embedder.EclipseLogger - Using 'UTF-8' encoding to copy filtered resources.
2020-08-11 17:28:05,994 [Worker-102: Building] INFO  o.e.m.c.i.embedder.EclipseLogger - Copying 1 resource
2020-08-11 17:28:05,995 [Worker-102: Building] INFO  o.e.m.c.i.embedder.EclipseLogger - Copying 0 resource
2020-08-11 17:28:05,996 [Worker-102: Building] INFO  o.e.m.c.i.embedder.EclipseLogger - Using 'UTF-8' encoding to copy filtered resources.
2020-08-11 17:28:05,996 [Worker-102: Building] INFO  o.e.m.c.i.embedder.EclipseLogger - skip non existing resourceDirectory D:\Spring-Backend-Usuarios\demo\src\test\resources
2020-08-11 17:28:42,033 [Worker-89: Building] INFO  o.e.m.c.i.embedder.EclipseLogger - Using 'UTF-8' encoding to copy filtered resources.
2020-08-11 17:28:42,033 [Worker-89: Building] INFO  o.e.m.c.i.embedder.EclipseLogger - Copying 1 resource
2020-08-11 17:28:42,035 [Worker-89: Building] INFO  o.e.m.c.i.embedder.EclipseLogger - Copying 0 resource
2020-08-11 17:28:42,035 [Worker-89: Building] INFO  o.e.m.c.i.embedder.EclipseLogger - Using 'UTF-8' encoding to copy filtered resources.
2020-08-11 17:28:42,035 [Worker-89: Building] INFO  o.e.m.c.i.embedder.EclipseLogger - skip non existing resourceDirectory D:\Spring-Backend-Usuarios\demo\src\test\resources
2020-08-11 17:29:13,430 [Worker-95: Building] INFO  o.e.m.c.i.embedder.EclipseLogger - Using 'UTF-8' encoding to copy filtered resources.
2020-08-11 17:29:13,430 [Worker-95: Building] INFO  o.e.m.c.i.embedder.EclipseLogger - Copying 1 resource
2020-08-11 17:29:13,432 [Worker-95: Building] INFO  o.e.m.c.i.embedder.EclipseLogger - Copying 0 resource
2020-08-11 17:29:13,432 [Worker-95: Building] INFO  o.e.m.c.i.embedder.EclipseLogger - Using 'UTF-8' encoding to copy filtered resources.
2020-08-11 17:29:13,432 [Worker-95: Building] INFO  o.e.m.c.i.embedder.EclipseLogger - skip non existing resourceDirectory D:\Spring-Backend-Usuarios\demo\src\test\resources
2020-08-11 17:30:02,421 [Worker-89: Launching demo - DemoApplication] INFO  o.e.m.c.i.embedder.EclipseLogger - Using 'UTF-8' encoding to copy filtered resources.
2020-08-11 17:30:02,421 [Worker-89: Launching demo - DemoApplication] INFO  o.e.m.c.i.embedder.EclipseLogger - Copying 1 resource
2020-08-11 17:30:02,424 [Worker-89: Launching demo - DemoApplication] INFO  o.e.m.c.i.embedder.EclipseLogger - Copying 0 resource
2020-08-11 17:30:02,425 [Worker-89: Launching demo - DemoApplication] INFO  o.e.m.c.i.embedder.EclipseLogger - Using 'UTF-8' encoding to copy filtered resources.
2020-08-11 17:30:02,425 [Worker-89: Launching demo - DemoApplication] INFO  o.e.m.c.i.embedder.EclipseLogger - skip non existing resourceDirectory D:\Spring-Backend-Usuarios\demo\src\test\resources
2020-08-11 17:31:48,290 [Worker-106: Building] INFO  o.e.m.c.i.embedder.EclipseLogger - Using 'UTF-8' encoding to copy filtered resources.
2020-08-11 17:31:48,291 [Worker-106: Building] INFO  o.e.m.c.i.embedder.EclipseLogger - Copying 1 resource
2020-08-11 17:31:48,293 [Worker-106: Building] INFO  o.e.m.c.i.embedder.EclipseLogger - Copying 0 resource
2020-08-11 17:31:48,294 [Worker-106: Building] INFO  o.e.m.c.i.embedder.EclipseLogger - Using 'UTF-8' encoding to copy filtered resources.
2020-08-11 17:31:48,294 [Worker-106: Building] INFO  o.e.m.c.i.embedder.EclipseLogger - skip non existing resourceDirectory D:\Spring-Backend-Usuarios\demo\src\test\resources
2020-08-11 17:33:19,919 [Worker-89: Building] INFO  o.e.m.c.i.embedder.EclipseLogger - Using 'UTF-8' encoding to copy filtered resources.
2020-08-11 17:33:19,919 [Worker-89: Building] INFO  o.e.m.c.i.embedder.EclipseLogger - Copying 1 resource
2020-08-11 17:33:19,920 [Worker-89: Building] INFO  o.e.m.c.i.embedder.EclipseLogger - Copying 0 resource
2020-08-11 17:33:19,921 [Worker-89: Building] INFO  o.e.m.c.i.embedder.EclipseLogger - Using 'UTF-8' encoding to copy filtered resources.
2020-08-11 17:33:19,921 [Worker-89: Building] INFO  o.e.m.c.i.embedder.EclipseLogger - skip non existing resourceDirectory D:\Spring-Backend-Usuarios\demo\src\test\resources
2020-08-11 17:34:06,018 [Worker-108: Launching demo - DemoApplication] INFO  o.e.m.c.i.embedder.EclipseLogger - Using 'UTF-8' encoding to copy filtered resources.
2020-08-11 17:34:06,019 [Worker-108: Launching demo - DemoApplication] INFO  o.e.m.c.i.embedder.EclipseLogger - Copying 1 resource
2020-08-11 17:34:06,020 [Worker-108: Launching demo - DemoApplication] INFO  o.e.m.c.i.embedder.EclipseLogger - Copying 0 resource
2020-08-11 17:34:06,021 [Worker-108: Launching demo - DemoApplication] INFO  o.e.m.c.i.embedder.EclipseLogger - Using 'UTF-8' encoding to copy filtered resources.
2020-08-11 17:34:06,021 [Worker-108: Launching demo - DemoApplication] INFO  o.e.m.c.i.embedder.EclipseLogger - skip non existing resourceDirectory D:\Spring-Backend-Usuarios\demo\src\test\resources
2020-08-11 17:34:51,898 [Worker-102: Launching demo - DemoApplication] INFO  o.e.m.c.i.embedder.EclipseLogger - Using 'UTF-8' encoding to copy filtered resources.
2020-08-11 17:34:51,898 [Worker-102: Launching demo - DemoApplication] INFO  o.e.m.c.i.embedder.EclipseLogger - Copying 1 resource
2020-08-11 17:34:51,900 [Worker-102: Launching demo - DemoApplication] INFO  o.e.m.c.i.embedder.EclipseLogger - Copying 0 resource
2020-08-11 17:34:51,901 [Worker-102: Launching demo - DemoApplication] INFO  o.e.m.c.i.embedder.EclipseLogger - Using 'UTF-8' encoding to copy filtered resources.
2020-08-11 17:34:51,901 [Worker-102: Launching demo - DemoApplication] INFO  o.e.m.c.i.embedder.EclipseLogger - skip non existing resourceDirectory D:\Spring-Backend-Usuarios\demo\src\test\resources
2020-08-11 17:35:14,468 [Worker-108: Building] INFO  o.e.m.c.i.embedder.EclipseLogger - Using 'UTF-8' encoding to copy filtered resources.
2020-08-11 17:35:14,469 [Worker-108: Building] INFO  o.e.m.c.i.embedder.EclipseLogger - Copying 1 resource
2020-08-11 17:35:14,470 [Worker-108: Building] INFO  o.e.m.c.i.embedder.EclipseLogger - Copying 0 resource
2020-08-11 17:35:14,471 [Worker-108: Building] INFO  o.e.m.c.i.embedder.EclipseLogger - Using 'UTF-8' encoding to copy filtered resources.
2020-08-11 17:35:14,471 [Worker-108: Building] INFO  o.e.m.c.i.embedder.EclipseLogger - skip non existing resourceDirectory D:\Spring-Backend-Usuarios\demo\src\test\resources
2020-08-11 17:41:52,089 [Worker-114: Building] INFO  o.e.m.c.i.embedder.EclipseLogger - Using 'UTF-8' encoding to copy filtered resources.
2020-08-11 17:41:52,089 [Worker-114: Building] INFO  o.e.m.c.i.embedder.EclipseLogger - Copying 1 resource
2020-08-11 17:41:52,091 [Worker-114: Building] INFO  o.e.m.c.i.embedder.EclipseLogger - Copying 0 resource
2020-08-11 17:41:52,092 [Worker-114: Building] INFO  o.e.m.c.i.embedder.EclipseLogger - Using 'UTF-8' encoding to copy filtered resources.
2020-08-11 17:41:52,092 [Worker-114: Building] INFO  o.e.m.c.i.embedder.EclipseLogger - skip non existing resourceDirectory D:\Spring-Backend-Usuarios\demo\src\test\resources
2020-08-11 17:42:04,193 [Worker-113: Building] INFO  o.e.m.c.i.embedder.EclipseLogger - Using 'UTF-8' encoding to copy filtered resources.
2020-08-11 17:42:04,193 [Worker-113: Building] INFO  o.e.m.c.i.embedder.EclipseLogger - Copying 1 resource
2020-08-11 17:42:04,195 [Worker-113: Building] INFO  o.e.m.c.i.embedder.EclipseLogger - Copying 0 resource
2020-08-11 17:42:04,195 [Worker-113: Building] INFO  o.e.m.c.i.embedder.EclipseLogger - Using 'UTF-8' encoding to copy filtered resources.
2020-08-11 17:42:04,195 [Worker-113: Building] INFO  o.e.m.c.i.embedder.EclipseLogger - skip non existing resourceDirectory D:\Spring-Backend-Usuarios\demo\src\test\resources
2020-08-11 17:45:49,695 [Worker-113: Building] INFO  o.e.m.c.i.embedder.EclipseLogger - Using 'UTF-8' encoding to copy filtered resources.
2020-08-11 17:45:49,696 [Worker-113: Building] INFO  o.e.m.c.i.embedder.EclipseLogger - Copying 1 resource
2020-08-11 17:45:49,697 [Worker-113: Building] INFO  o.e.m.c.i.embedder.EclipseLogger - Copying 0 resource
2020-08-11 17:45:49,699 [Worker-113: Building] INFO  o.e.m.c.i.embedder.EclipseLogger - Using 'UTF-8' encoding to copy filtered resources.
2020-08-11 17:45:49,699 [Worker-113: Building] INFO  o.e.m.c.i.embedder.EclipseLogger - skip non existing resourceDirectory D:\Spring-Backend-Usuarios\demo\src\test\resources
2020-08-11 17:47:58,594 [Worker-116: Launching demo - DemoApplication] INFO  o.e.m.c.i.embedder.EclipseLogger - Using 'UTF-8' encoding to copy filtered resources.
2020-08-11 17:47:58,594 [Worker-116: Launching demo - DemoApplication] INFO  o.e.m.c.i.embedder.EclipseLogger - Copying 1 resource
2020-08-11 17:47:58,596 [Worker-116: Launching demo - DemoApplication] INFO  o.e.m.c.i.embedder.EclipseLogger - Copying 0 resource
2020-08-11 17:47:58,596 [Worker-116: Launching demo - DemoApplication] INFO  o.e.m.c.i.embedder.EclipseLogger - Using 'UTF-8' encoding to copy filtered resources.
2020-08-11 17:47:58,596 [Worker-116: Launching demo - DemoApplication] INFO  o.e.m.c.i.embedder.EclipseLogger - skip non existing resourceDirectory D:\Spring-Backend-Usuarios\demo\src\test\resources
2020-08-11 18:00:56,950 [Worker-121: Building] INFO  o.e.m.c.i.embedder.EclipseLogger - Using 'UTF-8' encoding to copy filtered resources.
2020-08-11 18:00:56,950 [Worker-121: Building] INFO  o.e.m.c.i.embedder.EclipseLogger - Copying 1 resource
2020-08-11 18:00:56,952 [Worker-121: Building] INFO  o.e.m.c.i.embedder.EclipseLogger - Copying 0 resource
2020-08-11 18:00:56,952 [Worker-121: Building] INFO  o.e.m.c.i.embedder.EclipseLogger - Using 'UTF-8' encoding to copy filtered resources.
2020-08-11 18:00:56,953 [Worker-121: Building] INFO  o.e.m.c.i.embedder.EclipseLogger - skip non existing resourceDirectory D:\Spring-Backend-Usuarios\demo\src\test\resources
2020-08-11 18:06:54,419 [Worker-124: Building] INFO  o.e.m.c.i.embedder.EclipseLogger - Using 'UTF-8' encoding to copy filtered resources.
2020-08-11 18:06:54,420 [Worker-124: Building] INFO  o.e.m.c.i.embedder.EclipseLogger - Copying 1 resource
2020-08-11 18:06:54,421 [Worker-124: Building] INFO  o.e.m.c.i.embedder.EclipseLogger - Copying 0 resource
2020-08-11 18:06:54,421 [Worker-124: Building] INFO  o.e.m.c.i.embedder.EclipseLogger - Using 'UTF-8' encoding to copy filtered resources.
2020-08-11 18:06:54,422 [Worker-124: Building] INFO  o.e.m.c.i.embedder.EclipseLogger - skip non existing resourceDirectory D:\Spring-Backend-Usuarios\demo\src\test\resources
2020-08-11 18:09:51,363 [Worker-124: Building] INFO  o.e.m.c.i.embedder.EclipseLogger - Using 'UTF-8' encoding to copy filtered resources.
2020-08-11 18:09:51,364 [Worker-124: Building] INFO  o.e.m.c.i.embedder.EclipseLogger - Copying 1 resource
2020-08-11 18:09:51,365 [Worker-124: Building] INFO  o.e.m.c.i.embedder.EclipseLogger - Copying 0 resource
2020-08-11 18:09:51,366 [Worker-124: Building] INFO  o.e.m.c.i.embedder.EclipseLogger - Using 'UTF-8' encoding to copy filtered resources.
2020-08-11 18:09:51,366 [Worker-124: Building] INFO  o.e.m.c.i.embedder.EclipseLogger - skip non existing resourceDirectory D:\Spring-Backend-Usuarios\demo\src\test\resources
2020-08-11 18:14:23,421 [Worker-115: Building] INFO  o.e.m.c.i.embedder.EclipseLogger - Using 'UTF-8' encoding to copy filtered resources.
2020-08-11 18:14:23,421 [Worker-115: Building] INFO  o.e.m.c.i.embedder.EclipseLogger - Copying 1 resource
2020-08-11 18:14:23,423 [Worker-115: Building] INFO  o.e.m.c.i.embedder.EclipseLogger - Copying 0 resource
2020-08-11 18:14:23,423 [Worker-115: Building] INFO  o.e.m.c.i.embedder.EclipseLogger - Using 'UTF-8' encoding to copy filtered resources.
2020-08-11 18:14:23,423 [Worker-115: Building] INFO  o.e.m.c.i.embedder.EclipseLogger - skip non existing resourceDirectory D:\Spring-Backend-Usuarios\demo\src\test\resources
2020-08-11 18:18:59,320 [Worker-115: Launching demo - DemoApplication] INFO  o.e.m.c.i.embedder.EclipseLogger - Using 'UTF-8' encoding to copy filtered resources.
2020-08-11 18:18:59,321 [Worker-115: Launching demo - DemoApplication] INFO  o.e.m.c.i.embedder.EclipseLogger - Copying 1 resource
2020-08-11 18:18:59,322 [Worker-115: Launching demo - DemoApplication] INFO  o.e.m.c.i.embedder.EclipseLogger - Copying 0 resource
2020-08-11 18:18:59,323 [Worker-115: Launching demo - DemoApplication] INFO  o.e.m.c.i.embedder.EclipseLogger - Using 'UTF-8' encoding to copy filtered resources.
2020-08-11 18:18:59,324 [Worker-115: Launching demo - DemoApplication] INFO  o.e.m.c.i.embedder.EclipseLogger - skip non existing resourceDirectory D:\Spring-Backend-Usuarios\demo\src\test\resources
2020-08-11 18:25:39,065 [Worker-135: Launching demo - DemoApplication] INFO  o.e.m.c.i.embedder.EclipseLogger - Using 'UTF-8' encoding to copy filtered resources.
2020-08-11 18:25:39,065 [Worker-135: Launching demo - DemoApplication] INFO  o.e.m.c.i.embedder.EclipseLogger - Copying 1 resource
2020-08-11 18:25:39,067 [Worker-135: Launching demo - DemoApplication] INFO  o.e.m.c.i.embedder.EclipseLogger - Copying 0 resource
2020-08-11 18:25:39,067 [Worker-135: Launching demo - DemoApplication] INFO  o.e.m.c.i.embedder.EclipseLogger - Using 'UTF-8' encoding to copy filtered resources.
2020-08-11 18:25:39,067 [Worker-135: Launching demo - DemoApplication] INFO  o.e.m.c.i.embedder.EclipseLogger - skip non existing resourceDirectory D:\Spring-Backend-Usuarios\demo\src\test\resources
2020-08-11 18:33:02,848 [Worker-136: Building] INFO  o.e.m.c.i.embedder.EclipseLogger - Using 'UTF-8' encoding to copy filtered resources.
2020-08-11 18:33:02,849 [Worker-136: Building] INFO  o.e.m.c.i.embedder.EclipseLogger - Copying 1 resource
2020-08-11 18:33:02,850 [Worker-136: Building] INFO  o.e.m.c.i.embedder.EclipseLogger - Copying 0 resource
2020-08-11 18:33:02,851 [Worker-136: Building] INFO  o.e.m.c.i.embedder.EclipseLogger - Using 'UTF-8' encoding to copy filtered resources.
2020-08-11 18:33:02,851 [Worker-136: Building] INFO  o.e.m.c.i.embedder.EclipseLogger - skip non existing resourceDirectory D:\Spring-Backend-Usuarios\demo\src\test\resources
2020-08-11 18:33:29,404 [Worker-134: Launching demo - DemoApplication] INFO  o.e.m.c.i.embedder.EclipseLogger - Using 'UTF-8' encoding to copy filtered resources.
2020-08-11 18:33:29,405 [Worker-134: Launching demo - DemoApplication] INFO  o.e.m.c.i.embedder.EclipseLogger - Copying 1 resource
2020-08-11 18:33:29,406 [Worker-134: Launching demo - DemoApplication] INFO  o.e.m.c.i.embedder.EclipseLogger - Copying 0 resource
2020-08-11 18:33:29,407 [Worker-134: Launching demo - DemoApplication] INFO  o.e.m.c.i.embedder.EclipseLogger - Using 'UTF-8' encoding to copy filtered resources.
2020-08-11 18:33:29,408 [Worker-134: Launching demo - DemoApplication] INFO  o.e.m.c.i.embedder.EclipseLogger - skip non existing resourceDirectory D:\Spring-Backend-Usuarios\demo\src\test\resources
2020-08-11 19:07:10,150 [Worker-147: Building] INFO  o.e.m.c.i.embedder.EclipseLogger - Using 'UTF-8' encoding to copy filtered resources.
2020-08-11 19:07:10,150 [Worker-147: Building] INFO  o.e.m.c.i.embedder.EclipseLogger - Copying 1 resource
2020-08-11 19:07:10,152 [Worker-147: Building] INFO  o.e.m.c.i.embedder.EclipseLogger - Copying 0 resource
2020-08-11 19:07:10,153 [Worker-147: Building] INFO  o.e.m.c.i.embedder.EclipseLogger - Using 'UTF-8' encoding to copy filtered resources.
2020-08-11 19:07:10,153 [Worker-147: Building] INFO  o.e.m.c.i.embedder.EclipseLogger - skip non existing resourceDirectory D:\Spring-Backend-Usuarios\demo\src\test\resources
2020-08-11 19:09:41,449 [Worker-152: Updating Maven Project] INFO  o.e.m.c.i.p.ProjectConfigurationManager - Update started
2020-08-11 19:09:41,870 [Worker-152: Updating Maven Project] INFO  o.e.m.c.i.l.LifecycleMappingFactory - Using org.eclipse.m2e.jdt.JarLifecycleMapping lifecycle mapping for MavenProject: com.example.backend:Backend:1 @ D:\Spring-Backend-Usuarios\demo\pom.xml.
2020-08-11 19:09:42,395 [Worker-152: Updating Maven Project] INFO  o.e.m.j.i.AbstractJavaProjectConfigurator - Adding source folder /demo/src/main/java
2020-08-11 19:09:42,395 [Worker-152: Updating Maven Project] INFO  o.e.m.j.i.AbstractJavaProjectConfigurator - Adding resource folder /demo/src/main/resources
2020-08-11 19:09:42,395 [Worker-152: Updating Maven Project] INFO  o.e.m.j.i.AbstractJavaProjectConfigurator - Adding resource folder /demo/src/main/resources
2020-08-11 19:09:42,396 [Worker-152: Updating Maven Project] INFO  o.e.m.j.i.AbstractJavaProjectConfigurator - Adding source folder /demo/src/test/java
2020-08-11 19:09:42,737 [Worker-152: Updating Maven Project] INFO  o.e.m.c.i.p.ProjectConfigurationManager - Update completed: 1 sec
2020-08-11 19:09:43,231 [Worker-154: Building] INFO  o.e.m.c.i.embedder.EclipseLogger - Using 'UTF-8' encoding to copy filtered resources.
2020-08-11 19:09:43,231 [Worker-154: Building] INFO  o.e.m.c.i.embedder.EclipseLogger - Copying 1 resource
2020-08-11 19:09:43,237 [Worker-154: Building] INFO  o.e.m.c.i.embedder.EclipseLogger - Copying 0 resource
2020-08-11 19:09:43,238 [Worker-154: Building] INFO  o.e.m.c.i.embedder.EclipseLogger - Using 'UTF-8' encoding to copy filtered resources.
2020-08-11 19:09:43,238 [Worker-154: Building] INFO  o.e.m.c.i.embedder.EclipseLogger - skip non existing resourceDirectory D:\Spring-Backend-Usuarios\demo\src\test\resources
2020-08-11 19:09:57,835 [Worker-148: Updating Maven Project] INFO  o.e.m.c.i.p.ProjectConfigurationManager - Update started
2020-08-11 19:09:58,177 [Worker-148: Updating Maven Project] INFO  o.e.m.c.i.l.LifecycleMappingFactory - Using org.eclipse.m2e.jdt.JarLifecycleMapping lifecycle mapping for MavenProject: com.example.backend:Backend:1 @ D:\Spring-Backend-Usuarios\demo\pom.xml.
2020-08-11 19:09:58,606 [Worker-148: Updating Maven Project] INFO  o.e.m.j.i.AbstractJavaProjectConfigurator - Adding source folder /demo/src/main/java
2020-08-11 19:09:58,606 [Worker-148: Updating Maven Project] INFO  o.e.m.j.i.AbstractJavaProjectConfigurator - Adding resource folder /demo/src/main/resources
2020-08-11 19:09:58,606 [Worker-148: Updating Maven Project] INFO  o.e.m.j.i.AbstractJavaProjectConfigurator - Adding resource folder /demo/src/main/resources
2020-08-11 19:09:58,606 [Worker-148: Updating Maven Project] INFO  o.e.m.j.i.AbstractJavaProjectConfigurator - Adding source folder /demo/src/test/java
2020-08-11 19:09:58,945 [Worker-148: Updating Maven Project] INFO  o.e.m.c.i.p.ProjectConfigurationManager - Update completed: 1 sec
2020-08-11 19:09:59,386 [Worker-155: Building] INFO  o.e.m.c.i.embedder.EclipseLogger - Using 'UTF-8' encoding to copy filtered resources.
2020-08-11 19:09:59,386 [Worker-155: Building] INFO  o.e.m.c.i.embedder.EclipseLogger - Copying 1 resource
2020-08-11 19:09:59,392 [Worker-155: Building] INFO  o.e.m.c.i.embedder.EclipseLogger - Copying 0 resource
2020-08-11 19:09:59,393 [Worker-155: Building] INFO  o.e.m.c.i.embedder.EclipseLogger - Using 'UTF-8' encoding to copy filtered resources.
2020-08-11 19:09:59,393 [Worker-155: Building] INFO  o.e.m.c.i.embedder.EclipseLogger - skip non existing resourceDirectory D:\Spring-Backend-Usuarios\demo\src\test\resources
2020-08-11 19:16:07,254 [Worker-156: Building] INFO  o.e.m.c.i.embedder.EclipseLogger - Using 'UTF-8' encoding to copy filtered resources.
2020-08-11 19:16:07,255 [Worker-156: Building] INFO  o.e.m.c.i.embedder.EclipseLogger - Copying 1 resource
2020-08-11 19:16:07,264 [Worker-156: Building] INFO  o.e.m.c.i.embedder.EclipseLogger - Copying 0 resource
2020-08-11 19:16:07,265 [Worker-156: Building] INFO  o.e.m.c.i.embedder.EclipseLogger - Using 'UTF-8' encoding to copy filtered resources.
2020-08-11 19:16:07,265 [Worker-156: Building] INFO  o.e.m.c.i.embedder.EclipseLogger - skip non existing resourceDirectory D:\Spring-Backend-Usuarios\demo\src\test\resources
2020-08-11 19:33:37,230 [Worker-169: Building] INFO  o.e.m.c.i.embedder.EclipseLogger - Using 'UTF-8' encoding to copy filtered resources.
2020-08-11 19:33:37,230 [Worker-169: Building] INFO  o.e.m.c.i.embedder.EclipseLogger - Copying 1 resource
2020-08-11 19:33:37,232 [Worker-169: Building] INFO  o.e.m.c.i.embedder.EclipseLogger - Copying 0 resource
2020-08-11 19:33:37,233 [Worker-169: Building] INFO  o.e.m.c.i.embedder.EclipseLogger - Using 'UTF-8' encoding to copy filtered resources.
2020-08-11 19:33:37,233 [Worker-169: Building] INFO  o.e.m.c.i.embedder.EclipseLogger - skip non existing resourceDirectory D:\Spring-Backend-Usuarios\demo\src\test\resources
2020-08-11 19:39:30,976 [Worker-171: Building] INFO  o.e.m.c.i.embedder.EclipseLogger - Using 'UTF-8' encoding to copy filtered resources.
2020-08-11 19:39:30,977 [Worker-171: Building] INFO  o.e.m.c.i.embedder.EclipseLogger - Copying 1 resource
2020-08-11 19:39:30,978 [Worker-171: Building] INFO  o.e.m.c.i.embedder.EclipseLogger - Copying 0 resource
2020-08-11 19:39:30,979 [Worker-171: Building] INFO  o.e.m.c.i.embedder.EclipseLogger - Using 'UTF-8' encoding to copy filtered resources.
2020-08-11 19:39:30,979 [Worker-171: Building] INFO  o.e.m.c.i.embedder.EclipseLogger - skip non existing resourceDirectory D:\Spring-Backend-Usuarios\demo\src\test\resources
2020-08-11 19:40:38,488 [Worker-171: Building] INFO  o.e.m.c.i.embedder.EclipseLogger - Using 'UTF-8' encoding to copy filtered resources.
2020-08-11 19:40:38,488 [Worker-171: Building] INFO  o.e.m.c.i.embedder.EclipseLogger - Copying 1 resource
2020-08-11 19:40:38,490 [Worker-171: Building] INFO  o.e.m.c.i.embedder.EclipseLogger - Copying 0 resource
2020-08-11 19:40:38,490 [Worker-171: Building] INFO  o.e.m.c.i.embedder.EclipseLogger - Using 'UTF-8' encoding to copy filtered resources.
2020-08-11 19:40:38,490 [Worker-171: Building] INFO  o.e.m.c.i.embedder.EclipseLogger - skip non existing resourceDirectory D:\Spring-Backend-Usuarios\demo\src\test\resources
2020-08-11 19:41:08,809 [Worker-164: Building] INFO  o.e.m.c.i.embedder.EclipseLogger - Using 'UTF-8' encoding to copy filtered resources.
2020-08-11 19:41:08,809 [Worker-164: Building] INFO  o.e.m.c.i.embedder.EclipseLogger - Copying 1 resource
2020-08-11 19:41:08,811 [Worker-164: Building] INFO  o.e.m.c.i.embedder.EclipseLogger - Copying 0 resource
2020-08-11 19:41:08,811 [Worker-164: Building] INFO  o.e.m.c.i.embedder.EclipseLogger - Using 'UTF-8' encoding to copy filtered resources.
2020-08-11 19:41:08,811 [Worker-164: Building] INFO  o.e.m.c.i.embedder.EclipseLogger - skip non existing resourceDirectory D:\Spring-Backend-Usuarios\demo\src\test\resources
2020-08-11 19:41:32,548 [Worker-174: Building] INFO  o.e.m.c.i.embedder.EclipseLogger - Using 'UTF-8' encoding to copy filtered resources.
2020-08-11 19:41:32,549 [Worker-174: Building] INFO  o.e.m.c.i.embedder.EclipseLogger - Copying 1 resource
2020-08-11 19:41:32,550 [Worker-174: Building] INFO  o.e.m.c.i.embedder.EclipseLogger - Copying 0 resource
2020-08-11 19:41:32,551 [Worker-174: Building] INFO  o.e.m.c.i.embedder.EclipseLogger - Using 'UTF-8' encoding to copy filtered resources.
2020-08-11 19:41:32,551 [Worker-174: Building] INFO  o.e.m.c.i.embedder.EclipseLogger - skip non existing resourceDirectory D:\Spring-Backend-Usuarios\demo\src\test\resources
2020-08-11 19:42:00,289 [Worker-178: Building] INFO  o.e.m.c.i.embedder.EclipseLogger - Using 'UTF-8' encoding to copy filtered resources.
2020-08-11 19:42:00,289 [Worker-178: Building] INFO  o.e.m.c.i.embedder.EclipseLogger - Copying 1 resource
2020-08-11 19:42:00,291 [Worker-178: Building] INFO  o.e.m.c.i.embedder.EclipseLogger - Copying 0 resource
2020-08-11 19:42:00,292 [Worker-178: Building] INFO  o.e.m.c.i.embedder.EclipseLogger - Using 'UTF-8' encoding to copy filtered resources.
2020-08-11 19:42:00,292 [Worker-178: Building] INFO  o.e.m.c.i.embedder.EclipseLogger - skip non existing resourceDirectory D:\Spring-Backend-Usuarios\demo\src\test\resources
2020-08-11 19:42:47,567 [Worker-164: Building] INFO  o.e.m.c.i.embedder.EclipseLogger - Using 'UTF-8' encoding to copy filtered resources.
2020-08-11 19:42:47,568 [Worker-164: Building] INFO  o.e.m.c.i.embedder.EclipseLogger - Copying 1 resource
2020-08-11 19:42:47,569 [Worker-164: Building] INFO  o.e.m.c.i.embedder.EclipseLogger - Copying 0 resource
2020-08-11 19:42:47,570 [Worker-164: Building] INFO  o.e.m.c.i.embedder.EclipseLogger - Using 'UTF-8' encoding to copy filtered resources.
2020-08-11 19:42:47,570 [Worker-164: Building] INFO  o.e.m.c.i.embedder.EclipseLogger - skip non existing resourceDirectory D:\Spring-Backend-Usuarios\demo\src\test\resources
2020-08-11 19:42:56,342 [Worker-175: Building] INFO  o.e.m.c.i.embedder.EclipseLogger - Using 'UTF-8' encoding to copy filtered resources.
2020-08-11 19:42:56,343 [Worker-175: Building] INFO  o.e.m.c.i.embedder.EclipseLogger - Copying 1 resource
2020-08-11 19:42:56,344 [Worker-175: Building] INFO  o.e.m.c.i.embedder.EclipseLogger - Copying 0 resource
2020-08-11 19:42:56,345 [Worker-175: Building] INFO  o.e.m.c.i.embedder.EclipseLogger - Using 'UTF-8' encoding to copy filtered resources.
2020-08-11 19:42:56,345 [Worker-175: Building] INFO  o.e.m.c.i.embedder.EclipseLogger - skip non existing resourceDirectory D:\Spring-Backend-Usuarios\demo\src\test\resources
2020-08-11 19:56:59,485 [Worker-179: Building] INFO  o.e.m.c.i.embedder.EclipseLogger - Using 'UTF-8' encoding to copy filtered resources.
2020-08-11 19:56:59,486 [Worker-179: Building] INFO  o.e.m.c.i.embedder.EclipseLogger - Copying 1 resource
2020-08-11 19:56:59,488 [Worker-179: Building] INFO  o.e.m.c.i.embedder.EclipseLogger - Copying 0 resource
2020-08-11 19:56:59,489 [Worker-179: Building] INFO  o.e.m.c.i.embedder.EclipseLogger - Using 'UTF-8' encoding to copy filtered resources.
2020-08-11 19:56:59,489 [Worker-179: Building] INFO  o.e.m.c.i.embedder.EclipseLogger - skip non existing resourceDirectory D:\Spring-Backend-Usuarios\demo\src\test\resources
2020-08-11 19:58:56,168 [Worker-164: Building] INFO  o.e.m.c.i.embedder.EclipseLogger - Using 'UTF-8' encoding to copy filtered resources.
2020-08-11 19:58:56,169 [Worker-164: Building] INFO  o.e.m.c.i.embedder.EclipseLogger - Copying 1 resource
2020-08-11 19:58:56,170 [Worker-164: Building] INFO  o.e.m.c.i.embedder.EclipseLogger - Copying 0 resource
2020-08-11 19:58:56,171 [Worker-164: Building] INFO  o.e.m.c.i.embedder.EclipseLogger - Using 'UTF-8' encoding to copy filtered resources.
2020-08-11 19:58:56,171 [Worker-164: Building] INFO  o.e.m.c.i.embedder.EclipseLogger - skip non existing resourceDirectory D:\Spring-Backend-Usuarios\demo\src\test\resources
2020-08-11 20:00:09,578 [Worker-182: Building] INFO  o.e.m.c.i.embedder.EclipseLogger - Using 'UTF-8' encoding to copy filtered resources.
2020-08-11 20:00:09,578 [Worker-182: Building] INFO  o.e.m.c.i.embedder.EclipseLogger - Copying 1 resource
2020-08-11 20:00:09,580 [Worker-182: Building] INFO  o.e.m.c.i.embedder.EclipseLogger - Copying 0 resource
2020-08-11 20:00:09,581 [Worker-182: Building] INFO  o.e.m.c.i.embedder.EclipseLogger - Using 'UTF-8' encoding to copy filtered resources.
2020-08-11 20:00:09,581 [Worker-182: Building] INFO  o.e.m.c.i.embedder.EclipseLogger - skip non existing resourceDirectory D:\Spring-Backend-Usuarios\demo\src\test\resources
2020-08-11 20:03:25,749 [Worker-175: Building] INFO  o.e.m.c.i.embedder.EclipseLogger - Using 'UTF-8' encoding to copy filtered resources.
2020-08-11 20:03:25,749 [Worker-175: Building] INFO  o.e.m.c.i.embedder.EclipseLogger - Copying 1 resource
2020-08-11 20:03:25,751 [Worker-175: Building] INFO  o.e.m.c.i.embedder.EclipseLogger - Copying 0 resource
2020-08-11 20:03:25,751 [Worker-175: Building] INFO  o.e.m.c.i.embedder.EclipseLogger - Using 'UTF-8' encoding to copy filtered resources.
2020-08-11 20:03:25,751 [Worker-175: Building] INFO  o.e.m.c.i.embedder.EclipseLogger - skip non existing resourceDirectory D:\Spring-Backend-Usuarios\demo\src\test\resources
2020-08-11 20:04:44,570 [Worker-183: Building] INFO  o.e.m.c.i.embedder.EclipseLogger - Using 'UTF-8' encoding to copy filtered resources.
2020-08-11 20:04:44,571 [Worker-183: Building] INFO  o.e.m.c.i.embedder.EclipseLogger - Copying 1 resource
2020-08-11 20:04:44,572 [Worker-183: Building] INFO  o.e.m.c.i.embedder.EclipseLogger - Copying 0 resource
2020-08-11 20:04:44,573 [Worker-183: Building] INFO  o.e.m.c.i.embedder.EclipseLogger - Using 'UTF-8' encoding to copy filtered resources.
2020-08-11 20:04:44,573 [Worker-183: Building] INFO  o.e.m.c.i.embedder.EclipseLogger - skip non existing resourceDirectory D:\Spring-Backend-Usuarios\demo\src\test\resources
2020-08-11 20:16:22,078 [Worker-189: Building] INFO  o.e.m.c.i.embedder.EclipseLogger - Using 'UTF-8' encoding to copy filtered resources.
2020-08-11 20:16:22,079 [Worker-189: Building] INFO  o.e.m.c.i.embedder.EclipseLogger - Copying 1 resource
2020-08-11 20:16:22,080 [Worker-189: Building] INFO  o.e.m.c.i.embedder.EclipseLogger - Copying 0 resource
2020-08-11 20:16:22,081 [Worker-189: Building] INFO  o.e.m.c.i.embedder.EclipseLogger - Using 'UTF-8' encoding to copy filtered resources.
2020-08-11 20:16:22,081 [Worker-189: Building] INFO  o.e.m.c.i.embedder.EclipseLogger - skip non existing resourceDirectory D:\Spring-Backend-Usuarios\demo\src\test\resources
2020-08-11 20:16:47,176 [Worker-190: Building] INFO  o.e.m.c.i.embedder.EclipseLogger - Using 'UTF-8' encoding to copy filtered resources.
2020-08-11 20:16:47,176 [Worker-190: Building] INFO  o.e.m.c.i.embedder.EclipseLogger - Copying 1 resource
2020-08-11 20:16:47,178 [Worker-190: Building] INFO  o.e.m.c.i.embedder.EclipseLogger - Copying 0 resource
2020-08-11 20:16:47,178 [Worker-190: Building] INFO  o.e.m.c.i.embedder.EclipseLogger - Using 'UTF-8' encoding to copy filtered resources.
2020-08-11 20:16:47,178 [Worker-190: Building] INFO  o.e.m.c.i.embedder.EclipseLogger - skip non existing resourceDirectory D:\Spring-Backend-Usuarios\demo\src\test\resources
2020-08-11 20:17:01,153 [Worker-187: Building] INFO  o.e.m.c.i.embedder.EclipseLogger - Using 'UTF-8' encoding to copy filtered resources.
2020-08-11 20:17:01,154 [Worker-187: Building] INFO  o.e.m.c.i.embedder.EclipseLogger - Copying 1 resource
2020-08-11 20:17:01,155 [Worker-187: Building] INFO  o.e.m.c.i.embedder.EclipseLogger - Copying 0 resource
2020-08-11 20:17:01,156 [Worker-187: Building] INFO  o.e.m.c.i.embedder.EclipseLogger - Using 'UTF-8' encoding to copy filtered resources.
2020-08-11 20:17:01,156 [Worker-187: Building] INFO  o.e.m.c.i.embedder.EclipseLogger - skip non existing resourceDirectory D:\Spring-Backend-Usuarios\demo\src\test\resources
2020-08-11 20:18:22,695 [Worker-189: Building] INFO  o.e.m.c.i.embedder.EclipseLogger - Using 'UTF-8' encoding to copy filtered resources.
2020-08-11 20:18:22,696 [Worker-189: Building] INFO  o.e.m.c.i.embedder.EclipseLogger - Copying 1 resource
2020-08-11 20:18:22,697 [Worker-189: Building] INFO  o.e.m.c.i.embedder.EclipseLogger - Copying 0 resource
2020-08-11 20:18:22,698 [Worker-189: Building] INFO  o.e.m.c.i.embedder.EclipseLogger - Using 'UTF-8' encoding to copy filtered resources.
2020-08-11 20:18:22,699 [Worker-189: Building] INFO  o.e.m.c.i.embedder.EclipseLogger - skip non existing resourceDirectory D:\Spring-Backend-Usuarios\demo\src\test\resources
2020-08-11 20:18:33,142 [Worker-190: Building] INFO  o.e.m.c.i.embedder.EclipseLogger - Using 'UTF-8' encoding to copy filtered resources.
2020-08-11 20:18:33,142 [Worker-190: Building] INFO  o.e.m.c.i.embedder.EclipseLogger - Copying 1 resource
2020-08-11 20:18:33,144 [Worker-190: Building] INFO  o.e.m.c.i.embedder.EclipseLogger - Copying 0 resource
2020-08-11 20:18:33,144 [Worker-190: Building] INFO  o.e.m.c.i.embedder.EclipseLogger - Using 'UTF-8' encoding to copy filtered resources.
2020-08-11 20:18:33,144 [Worker-190: Building] INFO  o.e.m.c.i.embedder.EclipseLogger - skip non existing resourceDirectory D:\Spring-Backend-Usuarios\demo\src\test\resources
2020-08-11 20:19:49,216 [Worker-195: Building] INFO  o.e.m.c.i.embedder.EclipseLogger - Using 'UTF-8' encoding to copy filtered resources.
2020-08-11 20:19:49,216 [Worker-195: Building] INFO  o.e.m.c.i.embedder.EclipseLogger - Copying 1 resource
2020-08-11 20:19:49,218 [Worker-195: Building] INFO  o.e.m.c.i.embedder.EclipseLogger - Copying 0 resource
2020-08-11 20:19:49,219 [Worker-195: Building] INFO  o.e.m.c.i.embedder.EclipseLogger - Using 'UTF-8' encoding to copy filtered resources.
2020-08-11 20:19:49,219 [Worker-195: Building] INFO  o.e.m.c.i.embedder.EclipseLogger - skip non existing resourceDirectory D:\Spring-Backend-Usuarios\demo\src\test\resources
2020-08-11 20:20:48,064 [Worker-193: Building] INFO  o.e.m.c.i.embedder.EclipseLogger - Using 'UTF-8' encoding to copy filtered resources.
2020-08-11 20:20:48,064 [Worker-193: Building] INFO  o.e.m.c.i.embedder.EclipseLogger - Copying 1 resource
2020-08-11 20:20:48,066 [Worker-193: Building] INFO  o.e.m.c.i.embedder.EclipseLogger - Copying 0 resource
2020-08-11 20:20:48,066 [Worker-193: Building] INFO  o.e.m.c.i.embedder.EclipseLogger - Using 'UTF-8' encoding to copy filtered resources.
2020-08-11 20:20:48,066 [Worker-193: Building] INFO  o.e.m.c.i.embedder.EclipseLogger - skip non existing resourceDirectory D:\Spring-Backend-Usuarios\demo\src\test\resources
2020-08-11 20:21:37,597 [Worker-189: Building] INFO  o.e.m.c.i.embedder.EclipseLogger - Using 'UTF-8' encoding to copy filtered resources.
2020-08-11 20:21:37,598 [Worker-189: Building] INFO  o.e.m.c.i.embedder.EclipseLogger - Copying 1 resource
2020-08-11 20:21:37,599 [Worker-189: Building] INFO  o.e.m.c.i.embedder.EclipseLogger - Copying 0 resource
2020-08-11 20:21:37,600 [Worker-189: Building] INFO  o.e.m.c.i.embedder.EclipseLogger - Using 'UTF-8' encoding to copy filtered resources.
2020-08-11 20:21:37,600 [Worker-189: Building] INFO  o.e.m.c.i.embedder.EclipseLogger - skip non existing resourceDirectory D:\Spring-Backend-Usuarios\demo\src\test\resources
2020-08-11 20:21:50,945 [Worker-187: Building] INFO  o.e.m.c.i.embedder.EclipseLogger - Using 'UTF-8' encoding to copy filtered resources.
2020-08-11 20:21:50,945 [Worker-187: Building] INFO  o.e.m.c.i.embedder.EclipseLogger - Copying 1 resource
2020-08-11 20:21:50,947 [Worker-187: Building] INFO  o.e.m.c.i.embedder.EclipseLogger - Copying 0 resource
2020-08-11 20:21:50,947 [Worker-187: Building] INFO  o.e.m.c.i.embedder.EclipseLogger - Using 'UTF-8' encoding to copy filtered resources.
2020-08-11 20:21:50,947 [Worker-187: Building] INFO  o.e.m.c.i.embedder.EclipseLogger - skip non existing resourceDirectory D:\Spring-Backend-Usuarios\demo\src\test\resources
2020-08-11 20:23:21,209 [Worker-191: Building] INFO  o.e.m.c.i.embedder.EclipseLogger - Using 'UTF-8' encoding to copy filtered resources.
2020-08-11 20:23:21,209 [Worker-191: Building] INFO  o.e.m.c.i.embedder.EclipseLogger - Copying 1 resource
2020-08-11 20:23:21,212 [Worker-191: Building] INFO  o.e.m.c.i.embedder.EclipseLogger - Copying 0 resource
2020-08-11 20:23:21,213 [Worker-191: Building] INFO  o.e.m.c.i.embedder.EclipseLogger - Using 'UTF-8' encoding to copy filtered resources.
2020-08-11 20:23:21,213 [Worker-191: Building] INFO  o.e.m.c.i.embedder.EclipseLogger - skip non existing resourceDirectory D:\Spring-Backend-Usuarios\demo\src\test\resources
2020-08-11 20:23:59,451 [Worker-195: Building] INFO  o.e.m.c.i.embedder.EclipseLogger - Using 'UTF-8' encoding to copy filtered resources.
2020-08-11 20:23:59,452 [Worker-195: Building] INFO  o.e.m.c.i.embedder.EclipseLogger - Copying 1 resource
2020-08-11 20:23:59,453 [Worker-195: Building] INFO  o.e.m.c.i.embedder.EclipseLogger - Copying 0 resource
2020-08-11 20:23:59,454 [Worker-195: Building] INFO  o.e.m.c.i.embedder.EclipseLogger - Using 'UTF-8' encoding to copy filtered resources.
2020-08-11 20:23:59,454 [Worker-195: Building] INFO  o.e.m.c.i.embedder.EclipseLogger - skip non existing resourceDirectory D:\Spring-Backend-Usuarios\demo\src\test\resources
2020-08-11 20:24:40,547 [Worker-187: Building] INFO  o.e.m.c.i.embedder.EclipseLogger - Using 'UTF-8' encoding to copy filtered resources.
2020-08-11 20:24:40,548 [Worker-187: Building] INFO  o.e.m.c.i.embedder.EclipseLogger - Copying 1 resource
2020-08-11 20:24:40,549 [Worker-187: Building] INFO  o.e.m.c.i.embedder.EclipseLogger - Copying 0 resource
2020-08-11 20:24:40,550 [Worker-187: Building] INFO  o.e.m.c.i.embedder.EclipseLogger - Using 'UTF-8' encoding to copy filtered resources.
2020-08-11 20:24:40,550 [Worker-187: Building] INFO  o.e.m.c.i.embedder.EclipseLogger - skip non existing resourceDirectory D:\Spring-Backend-Usuarios\demo\src\test\resources
2020-08-11 20:24:47,830 [Worker-190: Building] INFO  o.e.m.c.i.embedder.EclipseLogger - Using 'UTF-8' encoding to copy filtered resources.
2020-08-11 20:24:47,831 [Worker-190: Building] INFO  o.e.m.c.i.embedder.EclipseLogger - Copying 1 resource
2020-08-11 20:24:47,832 [Worker-190: Building] INFO  o.e.m.c.i.embedder.EclipseLogger - Copying 0 resource
2020-08-11 20:24:47,833 [Worker-190: Building] INFO  o.e.m.c.i.embedder.EclipseLogger - Using 'UTF-8' encoding to copy filtered resources.
2020-08-11 20:24:47,833 [Worker-190: Building] INFO  o.e.m.c.i.embedder.EclipseLogger - skip non existing resourceDirectory D:\Spring-Backend-Usuarios\demo\src\test\resources
2020-08-11 20:27:48,148 [Worker-198: Building] INFO  o.e.m.c.i.embedder.EclipseLogger - Using 'UTF-8' encoding to copy filtered resources.
2020-08-11 20:27:48,148 [Worker-198: Building] INFO  o.e.m.c.i.embedder.EclipseLogger - Copying 1 resource
2020-08-11 20:27:48,150 [Worker-198: Building] INFO  o.e.m.c.i.embedder.EclipseLogger - Copying 0 resource
2020-08-11 20:27:48,151 [Worker-198: Building] INFO  o.e.m.c.i.embedder.EclipseLogger - Using 'UTF-8' encoding to copy filtered resources.
2020-08-11 20:27:48,151 [Worker-198: Building] INFO  o.e.m.c.i.embedder.EclipseLogger - skip non existing resourceDirectory D:\Spring-Backend-Usuarios\demo\src\test\resources
2020-08-11 20:28:14,934 [Worker-200: Building] INFO  o.e.m.c.i.embedder.EclipseLogger - Using 'UTF-8' encoding to copy filtered resources.
2020-08-11 20:28:14,934 [Worker-200: Building] INFO  o.e.m.c.i.embedder.EclipseLogger - Copying 1 resource
2020-08-11 20:28:14,936 [Worker-200: Building] INFO  o.e.m.c.i.embedder.EclipseLogger - Copying 0 resource
2020-08-11 20:28:14,936 [Worker-200: Building] INFO  o.e.m.c.i.embedder.EclipseLogger - Using 'UTF-8' encoding to copy filtered resources.
2020-08-11 20:28:14,936 [Worker-200: Building] INFO  o.e.m.c.i.embedder.EclipseLogger - skip non existing resourceDirectory D:\Spring-Backend-Usuarios\demo\src\test\resources
2020-08-11 20:32:25,289 [Worker-194: Building] INFO  o.e.m.c.i.embedder.EclipseLogger - Using 'UTF-8' encoding to copy filtered resources.
2020-08-11 20:32:25,290 [Worker-194: Building] INFO  o.e.m.c.i.embedder.EclipseLogger - Copying 1 resource
2020-08-11 20:32:25,291 [Worker-194: Building] INFO  o.e.m.c.i.embedder.EclipseLogger - Copying 0 resource
2020-08-11 20:32:25,292 [Worker-194: Building] INFO  o.e.m.c.i.embedder.EclipseLogger - Using 'UTF-8' encoding to copy filtered resources.
2020-08-11 20:32:25,292 [Worker-194: Building] INFO  o.e.m.c.i.embedder.EclipseLogger - skip non existing resourceDirectory D:\Spring-Backend-Usuarios\demo\src\test\resources
2020-08-11 20:32:48,202 [Worker-198: Building] INFO  o.e.m.c.i.embedder.EclipseLogger - Using 'UTF-8' encoding to copy filtered resources.
2020-08-11 20:32:48,203 [Worker-198: Building] INFO  o.e.m.c.i.embedder.EclipseLogger - Copying 1 resource
2020-08-11 20:32:48,204 [Worker-198: Building] INFO  o.e.m.c.i.embedder.EclipseLogger - Copying 0 resource
2020-08-11 20:32:48,205 [Worker-198: Building] INFO  o.e.m.c.i.embedder.EclipseLogger - Using 'UTF-8' encoding to copy filtered resources.
2020-08-11 20:32:48,205 [Worker-198: Building] INFO  o.e.m.c.i.embedder.EclipseLogger - skip non existing resourceDirectory D:\Spring-Backend-Usuarios\demo\src\test\resources
2020-08-11 20:49:44,178 [Worker-205: Building] INFO  o.e.m.c.i.embedder.EclipseLogger - Using 'UTF-8' encoding to copy filtered resources.
2020-08-11 20:49:44,178 [Worker-205: Building] INFO  o.e.m.c.i.embedder.EclipseLogger - Copying 1 resource
2020-08-11 20:49:44,180 [Worker-205: Building] INFO  o.e.m.c.i.embedder.EclipseLogger - Copying 0 resource
2020-08-11 20:49:44,180 [Worker-205: Building] INFO  o.e.m.c.i.embedder.EclipseLogger - Using 'UTF-8' encoding to copy filtered resources.
2020-08-11 20:49:44,181 [Worker-205: Building] INFO  o.e.m.c.i.embedder.EclipseLogger - skip non existing resourceDirectory D:\Spring-Backend-Usuarios\demo\src\test\resources
2020-08-11 20:52:57,879 [Worker-205: Building] INFO  o.e.m.c.i.embedder.EclipseLogger - Using 'UTF-8' encoding to copy filtered resources.
2020-08-11 20:52:57,879 [Worker-205: Building] INFO  o.e.m.c.i.embedder.EclipseLogger - Copying 1 resource
2020-08-11 20:52:57,881 [Worker-205: Building] INFO  o.e.m.c.i.embedder.EclipseLogger - Copying 0 resource
2020-08-11 20:52:57,881 [Worker-205: Building] INFO  o.e.m.c.i.embedder.EclipseLogger - Using 'UTF-8' encoding to copy filtered resources.
2020-08-11 20:52:57,881 [Worker-205: Building] INFO  o.e.m.c.i.embedder.EclipseLogger - skip non existing resourceDirectory D:\Spring-Backend-Usuarios\demo\src\test\resources
2020-08-11 20:55:13,912 [Worker-209: Building] INFO  o.e.m.c.i.embedder.EclipseLogger - Using 'UTF-8' encoding to copy filtered resources.
2020-08-11 20:55:13,913 [Worker-209: Building] INFO  o.e.m.c.i.embedder.EclipseLogger - Copying 1 resource
2020-08-11 20:55:13,914 [Worker-209: Building] INFO  o.e.m.c.i.embedder.EclipseLogger - Copying 0 resource
2020-08-11 20:55:13,914 [Worker-209: Building] INFO  o.e.m.c.i.embedder.EclipseLogger - Using 'UTF-8' encoding to copy filtered resources.
2020-08-11 20:55:13,915 [Worker-209: Building] INFO  o.e.m.c.i.embedder.EclipseLogger - skip non existing resourceDirectory D:\Spring-Backend-Usuarios\demo\src\test\resources
2020-08-11 20:56:22,293 [Worker-194: Building] INFO  o.e.m.c.i.embedder.EclipseLogger - Using 'UTF-8' encoding to copy filtered resources.
2020-08-11 20:56:22,294 [Worker-194: Building] INFO  o.e.m.c.i.embedder.EclipseLogger - Copying 1 resource
2020-08-11 20:56:22,295 [Worker-194: Building] INFO  o.e.m.c.i.embedder.EclipseLogger - Copying 0 resource
2020-08-11 20:56:22,296 [Worker-194: Building] INFO  o.e.m.c.i.embedder.EclipseLogger - Using 'UTF-8' encoding to copy filtered resources.
2020-08-11 20:56:22,296 [Worker-194: Building] INFO  o.e.m.c.i.embedder.EclipseLogger - skip non existing resourceDirectory D:\Spring-Backend-Usuarios\demo\src\test\resources
2020-08-11 20:56:57,147 [Worker-212: Building] INFO  o.e.m.c.i.embedder.EclipseLogger - Using 'UTF-8' encoding to copy filtered resources.
2020-08-11 20:56:57,147 [Worker-212: Building] INFO  o.e.m.c.i.embedder.EclipseLogger - Copying 1 resource
2020-08-11 20:56:57,149 [Worker-212: Building] INFO  o.e.m.c.i.embedder.EclipseLogger - Copying 0 resource
2020-08-11 20:56:57,149 [Worker-212: Building] INFO  o.e.m.c.i.embedder.EclipseLogger - Using 'UTF-8' encoding to copy filtered resources.
2020-08-11 20:56:57,149 [Worker-212: Building] INFO  o.e.m.c.i.embedder.EclipseLogger - skip non existing resourceDirectory D:\Spring-Backend-Usuarios\demo\src\test\resources
2020-08-11 20:57:14,763 [Worker-207: Building] INFO  o.e.m.c.i.embedder.EclipseLogger - Using 'UTF-8' encoding to copy filtered resources.
2020-08-11 20:57:14,763 [Worker-207: Building] INFO  o.e.m.c.i.embedder.EclipseLogger - Copying 1 resource
2020-08-11 20:57:14,765 [Worker-207: Building] INFO  o.e.m.c.i.embedder.EclipseLogger - Copying 0 resource
2020-08-11 20:57:14,765 [Worker-207: Building] INFO  o.e.m.c.i.embedder.EclipseLogger - Using 'UTF-8' encoding to copy filtered resources.
2020-08-11 20:57:14,766 [Worker-207: Building] INFO  o.e.m.c.i.embedder.EclipseLogger - skip non existing resourceDirectory D:\Spring-Backend-Usuarios\demo\src\test\resources
2020-08-11 20:59:16,538 [Worker-212: Building] INFO  o.e.m.c.i.embedder.EclipseLogger - Using 'UTF-8' encoding to copy filtered resources.
2020-08-11 20:59:16,538 [Worker-212: Building] INFO  o.e.m.c.i.embedder.EclipseLogger - Copying 1 resource
2020-08-11 20:59:16,540 [Worker-212: Building] INFO  o.e.m.c.i.embedder.EclipseLogger - Copying 0 resource
2020-08-11 20:59:16,540 [Worker-212: Building] INFO  o.e.m.c.i.embedder.EclipseLogger - Using 'UTF-8' encoding to copy filtered resources.
2020-08-11 20:59:16,541 [Worker-212: Building] INFO  o.e.m.c.i.embedder.EclipseLogger - skip non existing resourceDirectory D:\Spring-Backend-Usuarios\demo\src\test\resources
2020-08-11 21:00:21,962 [Worker-212: Building] INFO  o.e.m.c.i.embedder.EclipseLogger - Using 'UTF-8' encoding to copy filtered resources.
2020-08-11 21:00:21,962 [Worker-212: Building] INFO  o.e.m.c.i.embedder.EclipseLogger - Copying 1 resource
2020-08-11 21:00:21,964 [Worker-212: Building] INFO  o.e.m.c.i.embedder.EclipseLogger - Copying 0 resource
2020-08-11 21:00:21,964 [Worker-212: Building] INFO  o.e.m.c.i.embedder.EclipseLogger - Using 'UTF-8' encoding to copy filtered resources.
2020-08-11 21:00:21,964 [Worker-212: Building] INFO  o.e.m.c.i.embedder.EclipseLogger - skip non existing resourceDirectory D:\Spring-Backend-Usuarios\demo\src\test\resources
2020-08-11 21:02:17,801 [Worker-209: Building] INFO  o.e.m.c.i.embedder.EclipseLogger - Using 'UTF-8' encoding to copy filtered resources.
2020-08-11 21:02:17,802 [Worker-209: Building] INFO  o.e.m.c.i.embedder.EclipseLogger - Copying 1 resource
2020-08-11 21:02:17,803 [Worker-209: Building] INFO  o.e.m.c.i.embedder.EclipseLogger - Copying 0 resource
2020-08-11 21:02:17,804 [Worker-209: Building] INFO  o.e.m.c.i.embedder.EclipseLogger - Using 'UTF-8' encoding to copy filtered resources.
2020-08-11 21:02:17,804 [Worker-209: Building] INFO  o.e.m.c.i.embedder.EclipseLogger - skip non existing resourceDirectory D:\Spring-Backend-Usuarios\demo\src\test\resources
2020-08-11 21:03:50,077 [Worker-212: Launching demo - DemoApplication] INFO  o.e.m.c.i.embedder.EclipseLogger - Using 'UTF-8' encoding to copy filtered resources.
2020-08-11 21:03:50,078 [Worker-212: Launching demo - DemoApplication] INFO  o.e.m.c.i.embedder.EclipseLogger - Copying 1 resource
2020-08-11 21:03:50,079 [Worker-212: Launching demo - DemoApplication] INFO  o.e.m.c.i.embedder.EclipseLogger - Copying 0 resource
2020-08-11 21:03:50,080 [Worker-212: Launching demo - DemoApplication] INFO  o.e.m.c.i.embedder.EclipseLogger - Using 'UTF-8' encoding to copy filtered resources.
2020-08-11 21:03:50,080 [Worker-212: Launching demo - DemoApplication] INFO  o.e.m.c.i.embedder.EclipseLogger - skip non existing resourceDirectory D:\Spring-Backend-Usuarios\demo\src\test\resources
2020-08-11 21:04:46,526 [Worker-205: Building] INFO  o.e.m.c.i.embedder.EclipseLogger - Using 'UTF-8' encoding to copy filtered resources.
2020-08-11 21:04:46,527 [Worker-205: Building] INFO  o.e.m.c.i.embedder.EclipseLogger - Copying 1 resource
2020-08-11 21:04:46,528 [Worker-205: Building] INFO  o.e.m.c.i.embedder.EclipseLogger - Copying 0 resource
2020-08-11 21:04:46,529 [Worker-205: Building] INFO  o.e.m.c.i.embedder.EclipseLogger - Using 'UTF-8' encoding to copy filtered resources.
2020-08-11 21:04:46,529 [Worker-205: Building] INFO  o.e.m.c.i.embedder.EclipseLogger - skip non existing resourceDirectory D:\Spring-Backend-Usuarios\demo\src\test\resources
2020-08-11 21:06:20,249 [Worker-206: Building] INFO  o.e.m.c.i.embedder.EclipseLogger - Using 'UTF-8' encoding to copy filtered resources.
2020-08-11 21:06:20,249 [Worker-206: Building] INFO  o.e.m.c.i.embedder.EclipseLogger - Copying 1 resource
2020-08-11 21:06:20,251 [Worker-206: Building] INFO  o.e.m.c.i.embedder.EclipseLogger - Copying 0 resource
2020-08-11 21:06:20,252 [Worker-206: Building] INFO  o.e.m.c.i.embedder.EclipseLogger - Using 'UTF-8' encoding to copy filtered resources.
2020-08-11 21:06:20,252 [Worker-206: Building] INFO  o.e.m.c.i.embedder.EclipseLogger - skip non existing resourceDirectory D:\Spring-Backend-Usuarios\demo\src\test\resources
2020-08-11 21:07:43,975 [Worker-205: Launching demo - DemoApplication] INFO  o.e.m.c.i.embedder.EclipseLogger - Using 'UTF-8' encoding to copy filtered resources.
2020-08-11 21:07:43,976 [Worker-205: Launching demo - DemoApplication] INFO  o.e.m.c.i.embedder.EclipseLogger - Copying 1 resource
2020-08-11 21:07:43,978 [Worker-205: Launching demo - DemoApplication] INFO  o.e.m.c.i.embedder.EclipseLogger - Copying 0 resource
2020-08-11 21:07:43,979 [Worker-205: Launching demo - DemoApplication] INFO  o.e.m.c.i.embedder.EclipseLogger - Using 'UTF-8' encoding to copy filtered resources.
2020-08-11 21:07:43,979 [Worker-205: Launching demo - DemoApplication] INFO  o.e.m.c.i.embedder.EclipseLogger - skip non existing resourceDirectory D:\Spring-Backend-Usuarios\demo\src\test\resources
2020-08-11 21:12:19,545 [Worker-216: Building] INFO  o.e.m.c.i.embedder.EclipseLogger - Using 'UTF-8' encoding to copy filtered resources.
2020-08-11 21:12:19,546 [Worker-216: Building] INFO  o.e.m.c.i.embedder.EclipseLogger - Copying 1 resource
2020-08-11 21:12:19,547 [Worker-216: Building] INFO  o.e.m.c.i.embedder.EclipseLogger - Copying 0 resource
2020-08-11 21:12:19,556 [Worker-216: Building] INFO  o.e.m.c.i.embedder.EclipseLogger - Using 'UTF-8' encoding to copy filtered resources.
2020-08-11 21:12:19,556 [Worker-216: Building] INFO  o.e.m.c.i.embedder.EclipseLogger - skip non existing resourceDirectory D:\Spring-Backend-Usuarios\demo\src\test\resources
2020-08-11 21:14:50,970 [Worker-216: Launching demo - DemoApplication] INFO  o.e.m.c.i.embedder.EclipseLogger - Using 'UTF-8' encoding to copy filtered resources.
2020-08-11 21:14:50,970 [Worker-216: Launching demo - DemoApplication] INFO  o.e.m.c.i.embedder.EclipseLogger - Copying 1 resource
2020-08-11 21:14:50,972 [Worker-216: Launching demo - DemoApplication] INFO  o.e.m.c.i.embedder.EclipseLogger - Copying 0 resource
2020-08-11 21:14:50,972 [Worker-216: Launching demo - DemoApplication] INFO  o.e.m.c.i.embedder.EclipseLogger - Using 'UTF-8' encoding to copy filtered resources.
2020-08-11 21:14:50,972 [Worker-216: Launching demo - DemoApplication] INFO  o.e.m.c.i.embedder.EclipseLogger - skip non existing resourceDirectory D:\Spring-Backend-Usuarios\demo\src\test\resources
2020-08-11 21:16:16,775 [Worker-213: Launching demo - DemoApplication] INFO  o.e.m.c.i.embedder.EclipseLogger - Using 'UTF-8' encoding to copy filtered resources.
2020-08-11 21:16:16,775 [Worker-213: Launching demo - DemoApplication] INFO  o.e.m.c.i.embedder.EclipseLogger - Copying 1 resource
2020-08-11 21:16:16,777 [Worker-213: Launching demo - DemoApplication] INFO  o.e.m.c.i.embedder.EclipseLogger - Copying 0 resource
2020-08-11 21:16:16,777 [Worker-213: Launching demo - DemoApplication] INFO  o.e.m.c.i.embedder.EclipseLogger - Using 'UTF-8' encoding to copy filtered resources.
2020-08-11 21:16:16,777 [Worker-213: Launching demo - DemoApplication] INFO  o.e.m.c.i.embedder.EclipseLogger - skip non existing resourceDirectory D:\Spring-Backend-Usuarios\demo\src\test\resources
2020-08-11 21:16:58,580 [Worker-221: Building] INFO  o.e.m.c.i.embedder.EclipseLogger - Using 'UTF-8' encoding to copy filtered resources.
2020-08-11 21:16:58,581 [Worker-221: Building] INFO  o.e.m.c.i.embedder.EclipseLogger - Copying 1 resource
2020-08-11 21:16:58,582 [Worker-221: Building] INFO  o.e.m.c.i.embedder.EclipseLogger - Copying 0 resource
2020-08-11 21:16:58,583 [Worker-221: Building] INFO  o.e.m.c.i.embedder.EclipseLogger - Using 'UTF-8' encoding to copy filtered resources.
2020-08-11 21:16:58,583 [Worker-221: Building] INFO  o.e.m.c.i.embedder.EclipseLogger - skip non existing resourceDirectory D:\Spring-Backend-Usuarios\demo\src\test\resources
2020-08-11 21:17:51,676 [Worker-216: Launching demo - DemoApplication] INFO  o.e.m.c.i.embedder.EclipseLogger - Using 'UTF-8' encoding to copy filtered resources.
2020-08-11 21:17:51,676 [Worker-216: Launching demo - DemoApplication] INFO  o.e.m.c.i.embedder.EclipseLogger - Copying 1 resource
2020-08-11 21:17:51,678 [Worker-216: Launching demo - DemoApplication] INFO  o.e.m.c.i.embedder.EclipseLogger - Copying 0 resource
2020-08-11 21:17:51,679 [Worker-216: Launching demo - DemoApplication] INFO  o.e.m.c.i.embedder.EclipseLogger - Using 'UTF-8' encoding to copy filtered resources.
2020-08-11 21:17:51,679 [Worker-216: Launching demo - DemoApplication] INFO  o.e.m.c.i.embedder.EclipseLogger - skip non existing resourceDirectory D:\Spring-Backend-Usuarios\demo\src\test\resources
2020-08-11 21:23:30,683 [Worker-213: Launching demo - DemoApplication] INFO  o.e.m.c.i.embedder.EclipseLogger - Using 'UTF-8' encoding to copy filtered resources.
2020-08-11 21:23:30,684 [Worker-213: Launching demo - DemoApplication] INFO  o.e.m.c.i.embedder.EclipseLogger - Copying 1 resource
2020-08-11 21:23:30,685 [Worker-213: Launching demo - DemoApplication] INFO  o.e.m.c.i.embedder.EclipseLogger - Copying 0 resource
2020-08-11 21:23:30,686 [Worker-213: Launching demo - DemoApplication] INFO  o.e.m.c.i.embedder.EclipseLogger - Using 'UTF-8' encoding to copy filtered resources.
2020-08-11 21:23:30,686 [Worker-213: Launching demo - DemoApplication] INFO  o.e.m.c.i.embedder.EclipseLogger - skip non existing resourceDirectory D:\Spring-Backend-Usuarios\demo\src\test\resources
